#
# There is insufficient memory for the Java Runtime Environment to continue.
# Native memory allocation (mmap) failed to map 65536 bytes. Error detail: Failed to commit metaspace.
# Possible reasons:
#   The system is out of physical RAM or swap space
#   This process is running with CompressedOops enabled, and the Java Heap may be blocking the growth of the native heap
# Possible solutions:
#   Reduce memory load on the system
#   Increase physical memory or swap space
#   Check if swap backing store is full
#   Decrease Java heap size (-Xmx/-Xms)
#   Decrease number of Java threads
#   Decrease Java thread stack sizes (-Xss)
#   Set larger code cache with -XX:ReservedCodeCacheSize=
#   JVM is running with Unscaled Compressed Oops mode in which the Java heap is
#     placed in the first 4GB address space. The Java Heap base address is the
#     maximum limit for the native heap growth. Please use -XX:HeapBaseMinAddress
#     to set the Java Heap base and to place the Java Heap above 4GB virtual address.
# This output file may be truncated or incomplete.
#
#  Out of Memory Error (virtualSpaceNode.cpp:113), pid=7688, tid=27692
#
# JRE version: OpenJDK Runtime Environment JBR-21.0.6+8-631.39-jcef (21.0.6+8) (build 21.0.6+8-b631.39)
# Java VM: OpenJDK 64-Bit Server VM JBR-21.0.6+8-631.39-jcef (21.0.6+8-b631.39, mixed mode, tiered, compressed oops, compressed class ptrs, g1 gc, windows-amd64)
# No core dump will be written. Minidumps are not enabled by default on client versions of Windows
#

---------------  S U M M A R Y ------------

Command Line: git4idea.http.GitAskPassApp Username for 'https://github.com': 

Host: Intel(R) Core(TM) i5-7300U CPU @ 2.60GHz, 4 cores, 7G,  Windows 10 , 64 bit Build 19041 (10.0.19041.5438)
Time: Fri Feb 21 04:57:06 2025 SE Asia Standard Time elapsed time: 0.613826 seconds (0d 0h 0m 0s)

---------------  T H R E A D  ---------------

Current thread (0x000001bf83ef88a0):  JavaThread "main"             [_thread_in_vm, id=27692, stack(0x000000bea9700000,0x000000bea9800000) (1024K)]

Stack: [0x000000bea9700000,0x000000bea9800000]
Native frames: (J=compiled Java code, j=interpreted, Vv=VM code, C=native code)
V  [jvm.dll+0x6e5d39]
V  [jvm.dll+0x8c4133]
V  [jvm.dll+0x8c668e]
V  [jvm.dll+0x8c6d73]
V  [jvm.dll+0x288f76]
V  [jvm.dll+0x8bef7e]
V  [jvm.dll+0x686a35]
V  [jvm.dll+0x686a9a]
V  [jvm.dll+0x6892b6]
V  [jvm.dll+0x689182]
V  [jvm.dll+0x6873ee]
V  [jvm.dll+0x21d6fe]
V  [jvm.dll+0x21e166]
V  [jvm.dll+0x2131b9]
V  [jvm.dll+0x5c4533]
V  [jvm.dll+0x224bfb]
V  [jvm.dll+0x83af3c]
V  [jvm.dll+0x83bfe2]
V  [jvm.dll+0x83c5a4]
V  [jvm.dll+0x83c238]
V  [jvm.dll+0x2760ab]
V  [jvm.dll+0x2762c5]
V  [jvm.dll+0x5e7331]
V  [jvm.dll+0x5e9a64]
V  [jvm.dll+0x3e71a2]
V  [jvm.dll+0x3e6c40]
C  0x000001bf915976d1

The last pc belongs to getstatic (printed below).
Java frames: (J=compiled Java code, j=interpreted, Vv=VM code)
j  sun.security.ssl.ProtocolVersion.<init>(Ljava/lang/String;IILjava/lang/String;Z)V+47 java.base@21.0.6
j  sun.security.ssl.ProtocolVersion.<clinit>()V+13 java.base@21.0.6
v  ~StubRoutines::call_stub 0x000001bf9158100d
j  sun.security.ssl.SSLContextImpl$AbstractTLSContext.<clinit>()V+7 java.base@21.0.6
v  ~StubRoutines::call_stub 0x000001bf9158100d
j  java.lang.Class.forName0(Ljava/lang/String;ZLjava/lang/ClassLoader;Ljava/lang/Class;)Ljava/lang/Class;+0 java.base@21.0.6
j  java.lang.Class.forName(Ljava/lang/String;Ljava/lang/Class;)Ljava/lang/Class;+19 java.base@21.0.6
j  java.lang.Class.forName(Ljava/lang/String;)Ljava/lang/Class;+6 java.base@21.0.6
j  java.security.Provider$Service.getImplClass()Ljava/lang/Class;+64 java.base@21.0.6
j  java.security.Provider$Service.getDefaultConstructor()Ljava/lang/reflect/Constructor;+46 java.base@21.0.6
j  java.security.Provider$Service.newInstanceOf()Ljava/lang/Object;+1 java.base@21.0.6
j  java.security.Provider$Service.newInstanceUtil(Ljava/lang/Class;Ljava/lang/Object;)Ljava/lang/Object;+5 java.base@21.0.6
j  java.security.Provider$Service.newInstance(Ljava/lang/Object;)Ljava/lang/Object;+216 java.base@21.0.6
j  sun.security.jca.GetInstance.getInstance(Ljava/security/Provider$Service;Ljava/lang/Class;)Lsun/security/jca/GetInstance$Instance;+2 java.base@21.0.6
j  sun.security.jca.GetInstance.getInstance(Ljava/lang/String;Ljava/lang/Class;Ljava/lang/String;)Lsun/security/jca/GetInstance$Instance;+56 java.base@21.0.6
j  javax.net.ssl.SSLContext.getInstance(Ljava/lang/String;)Ljavax/net/ssl/SSLContext;+12 java.base@21.0.6
j  externalApp.ExternalAppUtil.sendIdeRequest(Ljava/lang/String;ILjava/lang/String;Ljava/lang/String;)LexternalApp/ExternalAppUtil$Result;+34
j  git4idea.http.GitAskPassApp.main([Ljava/lang/String;)V+37
v  ~StubRoutines::call_stub 0x000001bf9158100d
getstatic  178 getstatic  [0x000001bf91597620, 0x000001bf91597818]  504 bytes
[MachCode]
  0x000001bf91597620: 4883 ec08 | c5fa 1104 | 24eb 1f48 | 83ec 10c5 | fb11 0424 | eb14 4883 | ec10 4889 | 0424 48c7 
  0x000001bf91597640: 4424 0800 | 0000 00eb | 0150 410f | b755 0148 | 8b4d d0c1 | e202 8b5c | d138 c1eb | 1081 e3ff 
  0x000001bf91597660: 0000 0081 | fbb2 0000 | 000f 84b4 | 0000 00bb | b200 0000 | e805 0000 | 00e9 9900 | 0000 488b 
  0x000001bf91597680: d348 8d44 | 2408 4c89 | 6dc0 498b | cfc5 f877 | 4989 afa8 | 0300 0049 | 8987 9803 | 0000 4883 
  0x000001bf915976a0: ec20 40f6 | c40f 0f84 | 1900 0000 | 4883 ec08 | 48b8 e06b | ce66 fe7f | 0000 ffd0 | 4883 c408 
  0x000001bf915976c0: e90c 0000 | 0048 b8e0 | 6bce 66fe | 7f00 00ff | d048 83c4 | 2049 c787 | 9803 0000 | 0000 0000 
  0x000001bf915976e0: 49c7 87a8 | 0300 0000 | 0000 0049 | c787 a003 | 0000 0000 | 0000 c5f8 | 7749 837f | 0800 0f84 
  0x000001bf91597700: 0500 0000 | e9f7 97fe | ff4c 8b6d | c04c 8b75 | c84e 8d74 | f500 c341 | 0fb7 5501 | 488b 4dd0 
  0x000001bf91597720: c1e2 0248 | 8b5c d148 | 8b44 d150 | 4c8b 4cd1 | 404d 8b49 | 704d 8b09 | c1e8 1c83 | e00f 0f85 
  0x000001bf91597740: 0b00 0000 | 410f be04 | 1950 e9b1 | 0000 0083 | f801 0f85 | 0b00 0000 | 410f b604 | 1950 e99d 
  0x000001bf91597760: 0000 0083 | f808 0f85 | 0a00 0000 | 418b 0419 | 50e9 8a00 | 0000 83f8 | 040f 850a | 0000 0041 
  0x000001bf91597780: 8b04 1950 | e977 0000 | 0083 f802 | 0f85 0b00 | 0000 410f | b704 1950 | e963 0000 | 0083 f803 
  0x000001bf915977a0: 0f85 0b00 | 0000 410f | bf04 1950 | e94f 0000 | 0083 f805 | 0f85 1a00 | 0000 498b | 0419 4883 
  0x000001bf915977c0: ec10 4889 | 0424 48c7 | 4424 0800 | 0000 00e9 | 2c00 0000 | 83f8 060f | 8514 0000 | 00c4 c17a 
  0x000001bf915977e0: 1004 1948 | 83ec 08c5 | fa11 0424 | e90f 0000 | 00c4 c17b | 1004 1948 | 83ec 10c5 | fb11 0424 
  0x000001bf91597800: 410f b65d | 0349 83c5 | 0349 bac0 | 305e 67fe | 7f00 0041 | ff24 da90 
[/MachCode]

---------------  P R O C E S S  ---------------

Threads class SMR info:
_java_thread_list=0x000001bfa222f3c0, length=11, elements={
0x000001bf83ef88a0, 0x000001bfa2054ef0, 0x000001bfa2055e00, 0x000001bfa209ae10,
0x000001bfa209b860, 0x000001bfa209e2c0, 0x000001bfa20a0d20, 0x000001bfa208d430,
0x000001bfa20913c0, 0x000001bfa2247290, 0x000001bfa224bae0
}

Java Threads: ( => current thread )
=>0x000001bf83ef88a0 JavaThread "main"                              [_thread_in_vm, id=27692, stack(0x000000bea9700000,0x000000bea9800000) (1024K)]
  0x000001bfa2054ef0 JavaThread "Reference Handler"          daemon [_thread_blocked, id=27272, stack(0x000000bea9f00000,0x000000beaa000000) (1024K)]
  0x000001bfa2055e00 JavaThread "Finalizer"                  daemon [_thread_blocked, id=27268, stack(0x000000beaa000000,0x000000beaa100000) (1024K)]
  0x000001bfa209ae10 JavaThread "Signal Dispatcher"          daemon [_thread_blocked, id=5688, stack(0x000000beaa100000,0x000000beaa200000) (1024K)]
  0x000001bfa209b860 JavaThread "Attach Listener"            daemon [_thread_blocked, id=28788, stack(0x000000beaa200000,0x000000beaa300000) (1024K)]
  0x000001bfa209e2c0 JavaThread "Service Thread"             daemon [_thread_blocked, id=20872, stack(0x000000beaa300000,0x000000beaa400000) (1024K)]
  0x000001bfa20a0d20 JavaThread "Monitor Deflation Thread"   daemon [_thread_blocked, id=26440, stack(0x000000beaa400000,0x000000beaa500000) (1024K)]
  0x000001bfa208d430 JavaThread "C2 CompilerThread0"         daemon [_thread_blocked, id=17832, stack(0x000000beaa500000,0x000000beaa600000) (1024K)]
  0x000001bfa20913c0 JavaThread "C1 CompilerThread0"         daemon [_thread_blocked, id=25024, stack(0x000000beaa600000,0x000000beaa700000) (1024K)]
  0x000001bfa2247290 JavaThread "Notification Thread"        daemon [_thread_blocked, id=26272, stack(0x000000beaa700000,0x000000beaa800000) (1024K)]
  0x000001bfa224bae0 JavaThread "Common-Cleaner"             daemon [_thread_blocked, id=10692, stack(0x000000beaa800000,0x000000beaa900000) (1024K)]
Total: 11

Other Threads:
  0x000001bf9dca0e00 VMThread "VM Thread"                           [id=26032, stack(0x000000bea9e00000,0x000000bea9f00000) (1024K)]
  0x000001bf9dc53c80 WatcherThread "VM Periodic Task Thread"        [id=22840, stack(0x000000bea9d00000,0x000000bea9e00000) (1024K)]
  0x000001bf86107490 WorkerThread "GC Thread#0"                     [id=30384, stack(0x000000bea9800000,0x000000bea9900000) (1024K)]
  0x000001bf86118120 ConcurrentGCThread "G1 Main Marker"            [id=26956, stack(0x000000bea9900000,0x000000bea9a00000) (1024K)]
  0x000001bf8611b3e0 WorkerThread "G1 Conc#0"                       [id=28300, stack(0x000000bea9a00000,0x000000bea9b00000) (1024K)]
  0x000001bf9db225e0 ConcurrentGCThread "G1 Refine#0"               [id=19308, stack(0x000000bea9b00000,0x000000bea9c00000) (1024K)]
  0x000001bf9db22f60 ConcurrentGCThread "G1 Service"                [id=3812, stack(0x000000bea9c00000,0x000000bea9d00000) (1024K)]
Total: 7

Threads with active compile tasks:
Total: 0

VM state: not at safepoint (normal execution)

VM Mutex/Monitor currently owned by a thread:  ([mutex/lock_event])
[0x00007ffe675cc830] Metaspace_lock - owner thread: 0x000001bf83ef88a0

Heap address: 0x0000000082800000, size: 2008 MB, Compressed Oops mode: 32-bit

CDS archive(s) not mapped
Compressed class space mapped at: 0x0000000100000000-0x0000000140000000, reserved size: 1073741824
Narrow klass base: 0x0000000000000000, Narrow klass shift: 3, Narrow klass range: 0x140000000

GC Precious Log:
 CardTable entry size: 512
 Card Set container configuration: InlinePtr #cards 5 size 8 Array Of Cards #cards 12 size 40 Howl #buckets 4 coarsen threshold 1843 Howl Bitmap #cards 512 size 80 coarsen threshold 460 Card regions per heap region 1 cards per card region 2048
 CPUs: 4 total, 4 available
 Memory: 8026M
 Large Page Support: Disabled
 NUMA Support: Disabled
 Compressed Oops: Enabled (32-bit)
 Heap Region Size: 1M
 Heap Min Capacity: 8M
 Heap Initial Capacity: 126M
 Heap Max Capacity: 2008M
 Pre-touch: Disabled
 Parallel Workers: 4
 Concurrent Workers: 1
 Concurrent Refinement Workers: 4
 Periodic GC: Disabled

Heap:
 garbage-first heap   total 129024K, used 3072K [0x0000000082800000, 0x0000000100000000)
  region size 1024K, 4 young (4096K), 0 survivors (0K)
 Metaspace       used 8262K, committed 8384K, reserved 1114112K
  class space    used 680K, committed 768K, reserved 1048576K

Heap Regions: E=young(eden), S=young(survivor), O=old, HS=humongous(starts), HC=humongous(continues), CS=collection set, F=free, TAMS=top-at-mark-start, PB=parsable bottom
|   0|0x0000000082800000, 0x0000000082800000, 0x0000000082900000|  0%| F|  |TAMS 0x0000000082800000| PB 0x0000000082800000| Untracked 
|   1|0x0000000082900000, 0x0000000082900000, 0x0000000082a00000|  0%| F|  |TAMS 0x0000000082900000| PB 0x0000000082900000| Untracked 
|   2|0x0000000082a00000, 0x0000000082a00000, 0x0000000082b00000|  0%| F|  |TAMS 0x0000000082a00000| PB 0x0000000082a00000| Untracked 
|   3|0x0000000082b00000, 0x0000000082b00000, 0x0000000082c00000|  0%| F|  |TAMS 0x0000000082b00000| PB 0x0000000082b00000| Untracked 
|   4|0x0000000082c00000, 0x0000000082c00000, 0x0000000082d00000|  0%| F|  |TAMS 0x0000000082c00000| PB 0x0000000082c00000| Untracked 
|   5|0x0000000082d00000, 0x0000000082d00000, 0x0000000082e00000|  0%| F|  |TAMS 0x0000000082d00000| PB 0x0000000082d00000| Untracked 
|   6|0x0000000082e00000, 0x0000000082e00000, 0x0000000082f00000|  0%| F|  |TAMS 0x0000000082e00000| PB 0x0000000082e00000| Untracked 
|   7|0x0000000082f00000, 0x0000000082f00000, 0x0000000083000000|  0%| F|  |TAMS 0x0000000082f00000| PB 0x0000000082f00000| Untracked 
|   8|0x0000000083000000, 0x0000000083000000, 0x0000000083100000|  0%| F|  |TAMS 0x0000000083000000| PB 0x0000000083000000| Untracked 
|   9|0x0000000083100000, 0x0000000083100000, 0x0000000083200000|  0%| F|  |TAMS 0x0000000083100000| PB 0x0000000083100000| Untracked 
|  10|0x0000000083200000, 0x0000000083200000, 0x0000000083300000|  0%| F|  |TAMS 0x0000000083200000| PB 0x0000000083200000| Untracked 
|  11|0x0000000083300000, 0x0000000083300000, 0x0000000083400000|  0%| F|  |TAMS 0x0000000083300000| PB 0x0000000083300000| Untracked 
|  12|0x0000000083400000, 0x0000000083400000, 0x0000000083500000|  0%| F|  |TAMS 0x0000000083400000| PB 0x0000000083400000| Untracked 
|  13|0x0000000083500000, 0x0000000083500000, 0x0000000083600000|  0%| F|  |TAMS 0x0000000083500000| PB 0x0000000083500000| Untracked 
|  14|0x0000000083600000, 0x0000000083600000, 0x0000000083700000|  0%| F|  |TAMS 0x0000000083600000| PB 0x0000000083600000| Untracked 
|  15|0x0000000083700000, 0x0000000083700000, 0x0000000083800000|  0%| F|  |TAMS 0x0000000083700000| PB 0x0000000083700000| Untracked 
|  16|0x0000000083800000, 0x0000000083800000, 0x0000000083900000|  0%| F|  |TAMS 0x0000000083800000| PB 0x0000000083800000| Untracked 
|  17|0x0000000083900000, 0x0000000083900000, 0x0000000083a00000|  0%| F|  |TAMS 0x0000000083900000| PB 0x0000000083900000| Untracked 
|  18|0x0000000083a00000, 0x0000000083a00000, 0x0000000083b00000|  0%| F|  |TAMS 0x0000000083a00000| PB 0x0000000083a00000| Untracked 
|  19|0x0000000083b00000, 0x0000000083b00000, 0x0000000083c00000|  0%| F|  |TAMS 0x0000000083b00000| PB 0x0000000083b00000| Untracked 
|  20|0x0000000083c00000, 0x0000000083c00000, 0x0000000083d00000|  0%| F|  |TAMS 0x0000000083c00000| PB 0x0000000083c00000| Untracked 
|  21|0x0000000083d00000, 0x0000000083d00000, 0x0000000083e00000|  0%| F|  |TAMS 0x0000000083d00000| PB 0x0000000083d00000| Untracked 
|  22|0x0000000083e00000, 0x0000000083e00000, 0x0000000083f00000|  0%| F|  |TAMS 0x0000000083e00000| PB 0x0000000083e00000| Untracked 
|  23|0x0000000083f00000, 0x0000000083f00000, 0x0000000084000000|  0%| F|  |TAMS 0x0000000083f00000| PB 0x0000000083f00000| Untracked 
|  24|0x0000000084000000, 0x0000000084000000, 0x0000000084100000|  0%| F|  |TAMS 0x0000000084000000| PB 0x0000000084000000| Untracked 
|  25|0x0000000084100000, 0x0000000084100000, 0x0000000084200000|  0%| F|  |TAMS 0x0000000084100000| PB 0x0000000084100000| Untracked 
|  26|0x0000000084200000, 0x0000000084200000, 0x0000000084300000|  0%| F|  |TAMS 0x0000000084200000| PB 0x0000000084200000| Untracked 
|  27|0x0000000084300000, 0x0000000084300000, 0x0000000084400000|  0%| F|  |TAMS 0x0000000084300000| PB 0x0000000084300000| Untracked 
|  28|0x0000000084400000, 0x0000000084400000, 0x0000000084500000|  0%| F|  |TAMS 0x0000000084400000| PB 0x0000000084400000| Untracked 
|  29|0x0000000084500000, 0x0000000084500000, 0x0000000084600000|  0%| F|  |TAMS 0x0000000084500000| PB 0x0000000084500000| Untracked 
|  30|0x0000000084600000, 0x0000000084600000, 0x0000000084700000|  0%| F|  |TAMS 0x0000000084600000| PB 0x0000000084600000| Untracked 
|  31|0x0000000084700000, 0x0000000084700000, 0x0000000084800000|  0%| F|  |TAMS 0x0000000084700000| PB 0x0000000084700000| Untracked 
|  32|0x0000000084800000, 0x0000000084800000, 0x0000000084900000|  0%| F|  |TAMS 0x0000000084800000| PB 0x0000000084800000| Untracked 
|  33|0x0000000084900000, 0x0000000084900000, 0x0000000084a00000|  0%| F|  |TAMS 0x0000000084900000| PB 0x0000000084900000| Untracked 
|  34|0x0000000084a00000, 0x0000000084a00000, 0x0000000084b00000|  0%| F|  |TAMS 0x0000000084a00000| PB 0x0000000084a00000| Untracked 
|  35|0x0000000084b00000, 0x0000000084b00000, 0x0000000084c00000|  0%| F|  |TAMS 0x0000000084b00000| PB 0x0000000084b00000| Untracked 
|  36|0x0000000084c00000, 0x0000000084c00000, 0x0000000084d00000|  0%| F|  |TAMS 0x0000000084c00000| PB 0x0000000084c00000| Untracked 
|  37|0x0000000084d00000, 0x0000000084d00000, 0x0000000084e00000|  0%| F|  |TAMS 0x0000000084d00000| PB 0x0000000084d00000| Untracked 
|  38|0x0000000084e00000, 0x0000000084e00000, 0x0000000084f00000|  0%| F|  |TAMS 0x0000000084e00000| PB 0x0000000084e00000| Untracked 
|  39|0x0000000084f00000, 0x0000000084f00000, 0x0000000085000000|  0%| F|  |TAMS 0x0000000084f00000| PB 0x0000000084f00000| Untracked 
|  40|0x0000000085000000, 0x0000000085000000, 0x0000000085100000|  0%| F|  |TAMS 0x0000000085000000| PB 0x0000000085000000| Untracked 
|  41|0x0000000085100000, 0x0000000085100000, 0x0000000085200000|  0%| F|  |TAMS 0x0000000085100000| PB 0x0000000085100000| Untracked 
|  42|0x0000000085200000, 0x0000000085200000, 0x0000000085300000|  0%| F|  |TAMS 0x0000000085200000| PB 0x0000000085200000| Untracked 
|  43|0x0000000085300000, 0x0000000085300000, 0x0000000085400000|  0%| F|  |TAMS 0x0000000085300000| PB 0x0000000085300000| Untracked 
|  44|0x0000000085400000, 0x0000000085400000, 0x0000000085500000|  0%| F|  |TAMS 0x0000000085400000| PB 0x0000000085400000| Untracked 
|  45|0x0000000085500000, 0x0000000085500000, 0x0000000085600000|  0%| F|  |TAMS 0x0000000085500000| PB 0x0000000085500000| Untracked 
|  46|0x0000000085600000, 0x0000000085600000, 0x0000000085700000|  0%| F|  |TAMS 0x0000000085600000| PB 0x0000000085600000| Untracked 
|  47|0x0000000085700000, 0x0000000085700000, 0x0000000085800000|  0%| F|  |TAMS 0x0000000085700000| PB 0x0000000085700000| Untracked 
|  48|0x0000000085800000, 0x0000000085800000, 0x0000000085900000|  0%| F|  |TAMS 0x0000000085800000| PB 0x0000000085800000| Untracked 
|  49|0x0000000085900000, 0x0000000085900000, 0x0000000085a00000|  0%| F|  |TAMS 0x0000000085900000| PB 0x0000000085900000| Untracked 
|  50|0x0000000085a00000, 0x0000000085a00000, 0x0000000085b00000|  0%| F|  |TAMS 0x0000000085a00000| PB 0x0000000085a00000| Untracked 
|  51|0x0000000085b00000, 0x0000000085b00000, 0x0000000085c00000|  0%| F|  |TAMS 0x0000000085b00000| PB 0x0000000085b00000| Untracked 
|  52|0x0000000085c00000, 0x0000000085c00000, 0x0000000085d00000|  0%| F|  |TAMS 0x0000000085c00000| PB 0x0000000085c00000| Untracked 
|  53|0x0000000085d00000, 0x0000000085d00000, 0x0000000085e00000|  0%| F|  |TAMS 0x0000000085d00000| PB 0x0000000085d00000| Untracked 
|  54|0x0000000085e00000, 0x0000000085e00000, 0x0000000085f00000|  0%| F|  |TAMS 0x0000000085e00000| PB 0x0000000085e00000| Untracked 
|  55|0x0000000085f00000, 0x0000000085f00000, 0x0000000086000000|  0%| F|  |TAMS 0x0000000085f00000| PB 0x0000000085f00000| Untracked 
|  56|0x0000000086000000, 0x0000000086000000, 0x0000000086100000|  0%| F|  |TAMS 0x0000000086000000| PB 0x0000000086000000| Untracked 
|  57|0x0000000086100000, 0x0000000086100000, 0x0000000086200000|  0%| F|  |TAMS 0x0000000086100000| PB 0x0000000086100000| Untracked 
|  58|0x0000000086200000, 0x0000000086200000, 0x0000000086300000|  0%| F|  |TAMS 0x0000000086200000| PB 0x0000000086200000| Untracked 
|  59|0x0000000086300000, 0x0000000086300000, 0x0000000086400000|  0%| F|  |TAMS 0x0000000086300000| PB 0x0000000086300000| Untracked 
|  60|0x0000000086400000, 0x0000000086400000, 0x0000000086500000|  0%| F|  |TAMS 0x0000000086400000| PB 0x0000000086400000| Untracked 
|  61|0x0000000086500000, 0x0000000086500000, 0x0000000086600000|  0%| F|  |TAMS 0x0000000086500000| PB 0x0000000086500000| Untracked 
|  62|0x0000000086600000, 0x0000000086600000, 0x0000000086700000|  0%| F|  |TAMS 0x0000000086600000| PB 0x0000000086600000| Untracked 
|  63|0x0000000086700000, 0x0000000086700000, 0x0000000086800000|  0%| F|  |TAMS 0x0000000086700000| PB 0x0000000086700000| Untracked 
|  64|0x0000000086800000, 0x0000000086800000, 0x0000000086900000|  0%| F|  |TAMS 0x0000000086800000| PB 0x0000000086800000| Untracked 
|  65|0x0000000086900000, 0x0000000086900000, 0x0000000086a00000|  0%| F|  |TAMS 0x0000000086900000| PB 0x0000000086900000| Untracked 
|  66|0x0000000086a00000, 0x0000000086a00000, 0x0000000086b00000|  0%| F|  |TAMS 0x0000000086a00000| PB 0x0000000086a00000| Untracked 
|  67|0x0000000086b00000, 0x0000000086b00000, 0x0000000086c00000|  0%| F|  |TAMS 0x0000000086b00000| PB 0x0000000086b00000| Untracked 
|  68|0x0000000086c00000, 0x0000000086c00000, 0x0000000086d00000|  0%| F|  |TAMS 0x0000000086c00000| PB 0x0000000086c00000| Untracked 
|  69|0x0000000086d00000, 0x0000000086d00000, 0x0000000086e00000|  0%| F|  |TAMS 0x0000000086d00000| PB 0x0000000086d00000| Untracked 
|  70|0x0000000086e00000, 0x0000000086e00000, 0x0000000086f00000|  0%| F|  |TAMS 0x0000000086e00000| PB 0x0000000086e00000| Untracked 
|  71|0x0000000086f00000, 0x0000000086f00000, 0x0000000087000000|  0%| F|  |TAMS 0x0000000086f00000| PB 0x0000000086f00000| Untracked 
|  72|0x0000000087000000, 0x0000000087000000, 0x0000000087100000|  0%| F|  |TAMS 0x0000000087000000| PB 0x0000000087000000| Untracked 
|  73|0x0000000087100000, 0x0000000087100000, 0x0000000087200000|  0%| F|  |TAMS 0x0000000087100000| PB 0x0000000087100000| Untracked 
|  74|0x0000000087200000, 0x0000000087200000, 0x0000000087300000|  0%| F|  |TAMS 0x0000000087200000| PB 0x0000000087200000| Untracked 
|  75|0x0000000087300000, 0x0000000087300000, 0x0000000087400000|  0%| F|  |TAMS 0x0000000087300000| PB 0x0000000087300000| Untracked 
|  76|0x0000000087400000, 0x0000000087400000, 0x0000000087500000|  0%| F|  |TAMS 0x0000000087400000| PB 0x0000000087400000| Untracked 
|  77|0x0000000087500000, 0x0000000087500000, 0x0000000087600000|  0%| F|  |TAMS 0x0000000087500000| PB 0x0000000087500000| Untracked 
|  78|0x0000000087600000, 0x0000000087600000, 0x0000000087700000|  0%| F|  |TAMS 0x0000000087600000| PB 0x0000000087600000| Untracked 
|  79|0x0000000087700000, 0x0000000087700000, 0x0000000087800000|  0%| F|  |TAMS 0x0000000087700000| PB 0x0000000087700000| Untracked 
|  80|0x0000000087800000, 0x0000000087800000, 0x0000000087900000|  0%| F|  |TAMS 0x0000000087800000| PB 0x0000000087800000| Untracked 
|  81|0x0000000087900000, 0x0000000087900000, 0x0000000087a00000|  0%| F|  |TAMS 0x0000000087900000| PB 0x0000000087900000| Untracked 
|  82|0x0000000087a00000, 0x0000000087a00000, 0x0000000087b00000|  0%| F|  |TAMS 0x0000000087a00000| PB 0x0000000087a00000| Untracked 
|  83|0x0000000087b00000, 0x0000000087b00000, 0x0000000087c00000|  0%| F|  |TAMS 0x0000000087b00000| PB 0x0000000087b00000| Untracked 
|  84|0x0000000087c00000, 0x0000000087c00000, 0x0000000087d00000|  0%| F|  |TAMS 0x0000000087c00000| PB 0x0000000087c00000| Untracked 
|  85|0x0000000087d00000, 0x0000000087d00000, 0x0000000087e00000|  0%| F|  |TAMS 0x0000000087d00000| PB 0x0000000087d00000| Untracked 
|  86|0x0000000087e00000, 0x0000000087e00000, 0x0000000087f00000|  0%| F|  |TAMS 0x0000000087e00000| PB 0x0000000087e00000| Untracked 
|  87|0x0000000087f00000, 0x0000000087f00000, 0x0000000088000000|  0%| F|  |TAMS 0x0000000087f00000| PB 0x0000000087f00000| Untracked 
|  88|0x0000000088000000, 0x0000000088000000, 0x0000000088100000|  0%| F|  |TAMS 0x0000000088000000| PB 0x0000000088000000| Untracked 
|  89|0x0000000088100000, 0x0000000088100000, 0x0000000088200000|  0%| F|  |TAMS 0x0000000088100000| PB 0x0000000088100000| Untracked 
|  90|0x0000000088200000, 0x0000000088200000, 0x0000000088300000|  0%| F|  |TAMS 0x0000000088200000| PB 0x0000000088200000| Untracked 
|  91|0x0000000088300000, 0x0000000088300000, 0x0000000088400000|  0%| F|  |TAMS 0x0000000088300000| PB 0x0000000088300000| Untracked 
|  92|0x0000000088400000, 0x0000000088400000, 0x0000000088500000|  0%| F|  |TAMS 0x0000000088400000| PB 0x0000000088400000| Untracked 
|  93|0x0000000088500000, 0x0000000088500000, 0x0000000088600000|  0%| F|  |TAMS 0x0000000088500000| PB 0x0000000088500000| Untracked 
|  94|0x0000000088600000, 0x0000000088600000, 0x0000000088700000|  0%| F|  |TAMS 0x0000000088600000| PB 0x0000000088600000| Untracked 
|  95|0x0000000088700000, 0x0000000088700000, 0x0000000088800000|  0%| F|  |TAMS 0x0000000088700000| PB 0x0000000088700000| Untracked 
|  96|0x0000000088800000, 0x0000000088800000, 0x0000000088900000|  0%| F|  |TAMS 0x0000000088800000| PB 0x0000000088800000| Untracked 
|  97|0x0000000088900000, 0x0000000088900000, 0x0000000088a00000|  0%| F|  |TAMS 0x0000000088900000| PB 0x0000000088900000| Untracked 
|  98|0x0000000088a00000, 0x0000000088a00000, 0x0000000088b00000|  0%| F|  |TAMS 0x0000000088a00000| PB 0x0000000088a00000| Untracked 
|  99|0x0000000088b00000, 0x0000000088b00000, 0x0000000088c00000|  0%| F|  |TAMS 0x0000000088b00000| PB 0x0000000088b00000| Untracked 
| 100|0x0000000088c00000, 0x0000000088c00000, 0x0000000088d00000|  0%| F|  |TAMS 0x0000000088c00000| PB 0x0000000088c00000| Untracked 
| 101|0x0000000088d00000, 0x0000000088d00000, 0x0000000088e00000|  0%| F|  |TAMS 0x0000000088d00000| PB 0x0000000088d00000| Untracked 
| 102|0x0000000088e00000, 0x0000000088e00000, 0x0000000088f00000|  0%| F|  |TAMS 0x0000000088e00000| PB 0x0000000088e00000| Untracked 
| 103|0x0000000088f00000, 0x0000000088f00000, 0x0000000089000000|  0%| F|  |TAMS 0x0000000088f00000| PB 0x0000000088f00000| Untracked 
| 104|0x0000000089000000, 0x0000000089000000, 0x0000000089100000|  0%| F|  |TAMS 0x0000000089000000| PB 0x0000000089000000| Untracked 
| 105|0x0000000089100000, 0x0000000089100000, 0x0000000089200000|  0%| F|  |TAMS 0x0000000089100000| PB 0x0000000089100000| Untracked 
| 106|0x0000000089200000, 0x0000000089200000, 0x0000000089300000|  0%| F|  |TAMS 0x0000000089200000| PB 0x0000000089200000| Untracked 
| 107|0x0000000089300000, 0x0000000089300000, 0x0000000089400000|  0%| F|  |TAMS 0x0000000089300000| PB 0x0000000089300000| Untracked 
| 108|0x0000000089400000, 0x0000000089400000, 0x0000000089500000|  0%| F|  |TAMS 0x0000000089400000| PB 0x0000000089400000| Untracked 
| 109|0x0000000089500000, 0x0000000089500000, 0x0000000089600000|  0%| F|  |TAMS 0x0000000089500000| PB 0x0000000089500000| Untracked 
| 110|0x0000000089600000, 0x0000000089600000, 0x0000000089700000|  0%| F|  |TAMS 0x0000000089600000| PB 0x0000000089600000| Untracked 
| 111|0x0000000089700000, 0x0000000089700000, 0x0000000089800000|  0%| F|  |TAMS 0x0000000089700000| PB 0x0000000089700000| Untracked 
| 112|0x0000000089800000, 0x0000000089800000, 0x0000000089900000|  0%| F|  |TAMS 0x0000000089800000| PB 0x0000000089800000| Untracked 
| 113|0x0000000089900000, 0x0000000089900000, 0x0000000089a00000|  0%| F|  |TAMS 0x0000000089900000| PB 0x0000000089900000| Untracked 
| 114|0x0000000089a00000, 0x0000000089a00000, 0x0000000089b00000|  0%| F|  |TAMS 0x0000000089a00000| PB 0x0000000089a00000| Untracked 
| 115|0x0000000089b00000, 0x0000000089b00000, 0x0000000089c00000|  0%| F|  |TAMS 0x0000000089b00000| PB 0x0000000089b00000| Untracked 
| 116|0x0000000089c00000, 0x0000000089c00000, 0x0000000089d00000|  0%| F|  |TAMS 0x0000000089c00000| PB 0x0000000089c00000| Untracked 
| 117|0x0000000089d00000, 0x0000000089d00000, 0x0000000089e00000|  0%| F|  |TAMS 0x0000000089d00000| PB 0x0000000089d00000| Untracked 
| 118|0x0000000089e00000, 0x0000000089e00000, 0x0000000089f00000|  0%| F|  |TAMS 0x0000000089e00000| PB 0x0000000089e00000| Untracked 
| 119|0x0000000089f00000, 0x0000000089f00000, 0x000000008a000000|  0%| F|  |TAMS 0x0000000089f00000| PB 0x0000000089f00000| Untracked 
| 120|0x000000008a000000, 0x000000008a000000, 0x000000008a100000|  0%| F|  |TAMS 0x000000008a000000| PB 0x000000008a000000| Untracked 
| 121|0x000000008a100000, 0x000000008a100000, 0x000000008a200000|  0%| F|  |TAMS 0x000000008a100000| PB 0x000000008a100000| Untracked 
| 122|0x000000008a200000, 0x000000008a242980, 0x000000008a300000| 26%| E|  |TAMS 0x000000008a200000| PB 0x000000008a200000| Complete 
| 123|0x000000008a300000, 0x000000008a400000, 0x000000008a400000|100%| E|CS|TAMS 0x000000008a300000| PB 0x000000008a300000| Complete 
| 124|0x000000008a400000, 0x000000008a500000, 0x000000008a500000|100%| E|CS|TAMS 0x000000008a400000| PB 0x000000008a400000| Complete 
| 125|0x000000008a500000, 0x000000008a600000, 0x000000008a600000|100%| E|CS|TAMS 0x000000008a500000| PB 0x000000008a500000| Complete 

Card table byte_map: [0x000001bf99440000,0x000001bf99830000] _byte_map_base: 0x000001bf9902c000

Marking Bits: (CMBitMap*) 0x000001bf86107b90
 Bits: [0x000001bf99830000, 0x000001bf9b790000)

Polling page: 0x000001bf83e40000

Metaspace:

Usage:
  Non-class:      7.40 MB used.
      Class:    680.55 KB used.
       Both:      8.07 MB used.

Virtual space:
  Non-class space:       64.00 MB reserved,       7.44 MB ( 12%) committed,  1 nodes.
      Class space:        1.00 GB reserved,     768.00 KB ( <1%) committed,  1 nodes.
             Both:        1.06 GB reserved,       8.19 MB ( <1%) committed. 

Chunk freelists:
   Non-Class:  8.39 MB
       Class:  15.23 MB
        Both:  23.62 MB

MaxMetaspaceSize: unlimited
CompressedClassSpaceSize: 1.00 GB
Initial GC threshold: 21.00 MB
Current GC threshold: 21.00 MB
CDS: off
 - commit_granule_bytes: 65536.
 - commit_granule_words: 8192.
 - virtual_space_node_default_size: 8388608.
 - enlarge_chunks_in_place: 1.
 - use_allocation_guard: 0.


Internal statistics:

num_allocs_failed_limit: 0.
num_arena_births: 10.
num_arena_deaths: 0.
num_vsnodes_births: 2.
num_vsnodes_deaths: 0.
num_space_committed: 131.
num_space_uncommitted: 0.
num_chunks_returned_to_freelist: 0.
num_chunks_taken_from_freelist: 37.
num_chunk_merges: 0.
num_chunk_splits: 16.
num_chunks_enlarged: 8.
num_inconsistent_stats: 0.

CodeHeap 'non-profiled nmethods': size=120000Kb used=76Kb max_used=76Kb free=119923Kb
 bounds [0x000001bf91b20000, 0x000001bf91d90000, 0x000001bf99050000]
CodeHeap 'profiled nmethods': size=120000Kb used=354Kb max_used=354Kb free=119645Kb
 bounds [0x000001bf8a050000, 0x000001bf8a2c0000, 0x000001bf91580000]
CodeHeap 'non-nmethods': size=5760Kb used=1304Kb max_used=1319Kb free=4455Kb
 bounds [0x000001bf91580000, 0x000001bf917f0000, 0x000001bf91b20000]
 total_blobs=671 nmethods=252 adapters=324
 compilation: enabled
              stopped_count=0, restarted_count=0
 full_count=0

Compilation events (20 events):
Event: 0.597 Thread 0x000001bfa20913c0 nmethod 243 0x000001bf8a0a6890 code [0x000001bf8a0a6a40, 0x000001bf8a0a6bd8]
Event: 0.597 Thread 0x000001bfa208d430 nmethod 241 0x000001bf91b31c10 code [0x000001bf91b31de0, 0x000001bf91b321d8]
Event: 0.597 Thread 0x000001bfa20913c0  244       3       java.util.HashMap$EntryIterator::next (5 bytes)
Event: 0.597 Thread 0x000001bfa20913c0 nmethod 244 0x000001bf8a0a6c90 code [0x000001bf8a0a6e40, 0x000001bf8a0a6f78]
Event: 0.597 Thread 0x000001bfa20913c0  245       1       java.security.Provider$UString::toString (5 bytes)
Event: 0.597 Thread 0x000001bfa20913c0 nmethod 245 0x000001bf91b32710 code [0x000001bf91b328a0, 0x000001bf91b32968]
Event: 0.598 Thread 0x000001bfa20913c0  246       3       java.lang.String::toLowerCase (29 bytes)
Event: 0.598 Thread 0x000001bfa20913c0 nmethod 246 0x000001bf8a0a7010 code [0x000001bf8a0a71e0, 0x000001bf8a0a7498]
Event: 0.598 Thread 0x000001bfa20913c0  249       1       java.util.Collections$EmptyIterator::hasNext (2 bytes)
Event: 0.598 Thread 0x000001bfa20913c0 nmethod 249 0x000001bf91b32a10 code [0x000001bf91b32ba0, 0x000001bf91b32c68]
Event: 0.598 Thread 0x000001bfa20913c0  247       1       java.security.Provider$Service::getProvider (5 bytes)
Event: 0.598 Thread 0x000001bfa20913c0 nmethod 247 0x000001bf91b32d10 code [0x000001bf91b32ea0, 0x000001bf91b32f68]
Event: 0.598 Thread 0x000001bfa20913c0  248       1       java.security.Provider$Service::getClassName (5 bytes)
Event: 0.598 Thread 0x000001bfa20913c0 nmethod 248 0x000001bf91b33010 code [0x000001bf91b331a0, 0x000001bf91b33268]
Event: 0.599 Thread 0x000001bfa20913c0  250       3       jdk.internal.util.ReferencedKeyMap::get (10 bytes)
Event: 0.599 Thread 0x000001bfa20913c0 nmethod 250 0x000001bf8a0a7590 code [0x000001bf8a0a77c0, 0x000001bf8a0a7fd0]
Event: 0.603 Thread 0x000001bfa20913c0  251       3       jdk.internal.org.objectweb.asm.SymbolTable::get (13 bytes)
Event: 0.603 Thread 0x000001bfa20913c0 nmethod 251 0x000001bf8a0a8290 code [0x000001bf8a0a8440, 0x000001bf8a0a8598]
Event: 0.603 Thread 0x000001bfa20913c0  252       3       java.lang.Class::getClassLoader (28 bytes)
Event: 0.604 Thread 0x000001bfa20913c0 nmethod 252 0x000001bf8a0a8690 code [0x000001bf8a0a8840, 0x000001bf8a0a8a98]

GC Heap History (0 events):
No events

Dll operation events (2 events):
Event: 0.006 Loaded shared library D:\Kuliah\semester 4\web lanjut\PhpStorm 2024.3.3\jbr\bin\java.dll
Event: 0.016 Loaded shared library D:\Kuliah\semester 4\web lanjut\PhpStorm 2024.3.3\jbr\bin\zip.dll

Deoptimization events (0 events):
No events

Classes loaded (20 events):
Event: 0.598 Loading class sun/security/ssl/SunJSSE done
Event: 0.606 Loading class jdk/internal/event/SecurityProviderServiceEvent
Event: 0.606 Loading class jdk/internal/event/Event
Event: 0.606 Loading class jdk/internal/event/Event done
Event: 0.606 Loading class jdk/internal/event/SecurityProviderServiceEvent done
Event: 0.606 Loading class sun/security/ssl/SSLContextImpl$TLSContext
Event: 0.606 Loading class sun/security/ssl/SSLContextImpl$CustomizedTLSContext
Event: 0.606 Loading class sun/security/ssl/SSLContextImpl$AbstractTLSContext
Event: 0.606 Loading class sun/security/ssl/SSLContextImpl
Event: 0.607 Loading class sun/security/ssl/SSLContextImpl done
Event: 0.607 Loading class sun/security/ssl/SSLContextImpl$AbstractTLSContext done
Event: 0.607 Loading class sun/security/ssl/SSLContextImpl$CustomizedTLSContext done
Event: 0.607 Loading class sun/security/ssl/SSLContextImpl$TLSContext done
Event: 0.607 Loading class sun/security/ssl/SSLLogger
Event: 0.607 Loading class sun/security/ssl/SSLLogger done
Event: 0.607 Loading class sun/security/ssl/ProtocolVersion
Event: 0.607 Loading class sun/security/ssl/ProtocolVersion done
Event: 0.607 Loading class sun/security/ssl/SSLAlgorithmConstraints
Event: 0.608 Loading class java/security/AlgorithmConstraints
Event: 0.608 Loading class java/security/AlgorithmConstraints done

Classes unloaded (0 events):
No events

Classes redefined (0 events):
No events

Internal exceptions (0 events):
No events

ZGC Phase Switch (0 events):
No events

VM Operations (4 events):
Event: 0.334 Executing VM operation: HandshakeAllThreads (Deoptimize)
Event: 0.334 Executing VM operation: HandshakeAllThreads (Deoptimize) done
Event: 0.355 Executing VM operation: HandshakeAllThreads (Deoptimize)
Event: 0.355 Executing VM operation: HandshakeAllThreads (Deoptimize) done

Memory protections (0 events):
No events

Nmethod flushes (0 events):
No events

Events (16 events):
Event: 0.015 Thread 0x000001bf83ef88a0 Thread added: 0x000001bf83ef88a0
Event: 0.144 Thread 0x000001bf83ef88a0 Thread added: 0x000001bfa2054ef0
Event: 0.144 Thread 0x000001bf83ef88a0 Thread added: 0x000001bfa2055e00
Event: 0.148 Thread 0x000001bf83ef88a0 Thread added: 0x000001bfa209ae10
Event: 0.148 Thread 0x000001bf83ef88a0 Thread added: 0x000001bfa209b860
Event: 0.148 Thread 0x000001bf83ef88a0 Thread added: 0x000001bfa209e2c0
Event: 0.148 Thread 0x000001bf83ef88a0 Thread added: 0x000001bfa20a0d20
Event: 0.148 Thread 0x000001bf83ef88a0 Thread added: 0x000001bfa208d430
Event: 0.149 Thread 0x000001bf83ef88a0 Thread added: 0x000001bfa20913c0
Event: 0.235 Thread 0x000001bf83ef88a0 Thread added: 0x000001bfa2247290
Event: 0.249 Thread 0x000001bf83ef88a0 Thread added: 0x000001bfa224bae0
Event: 0.302 Loaded shared library D:\Kuliah\semester 4\web lanjut\PhpStorm 2024.3.3\jbr\bin\net.dll
Event: 0.307 Loaded shared library D:\Kuliah\semester 4\web lanjut\PhpStorm 2024.3.3\jbr\bin\nio.dll
Event: 0.326 Loaded shared library D:\Kuliah\semester 4\web lanjut\PhpStorm 2024.3.3\jbr\bin\zip.dll
Event: 0.500 Loaded shared library D:\Kuliah\semester 4\web lanjut\PhpStorm 2024.3.3\jbr\bin\jimage.dll
Event: 0.543 Loaded shared library D:\Kuliah\semester 4\web lanjut\PhpStorm 2024.3.3\jbr\bin\sunmscapi.dll


Dynamic libraries:
0x00007ff72cb20000 - 0x00007ff72cb2a000 	D:\Kuliah\semester 4\web lanjut\PhpStorm 2024.3.3\jbr\bin\java.exe
0x00007ffed2170000 - 0x00007ffed2368000 	C:\WINDOWS\SYSTEM32\ntdll.dll
0x00007ffed0d90000 - 0x00007ffed0e52000 	C:\WINDOWS\System32\KERNEL32.DLL
0x00007ffecfbb0000 - 0x00007ffecfeaf000 	C:\WINDOWS\System32\KERNELBASE.dll
0x00007ffecf810000 - 0x00007ffecf910000 	C:\WINDOWS\System32\ucrtbase.dll
0x00007ffeb8120000 - 0x00007ffeb813b000 	D:\Kuliah\semester 4\web lanjut\PhpStorm 2024.3.3\jbr\bin\VCRUNTIME140.dll
0x00007ffeca820000 - 0x00007ffeca838000 	D:\Kuliah\semester 4\web lanjut\PhpStorm 2024.3.3\jbr\bin\jli.dll
0x00007ffed0f30000 - 0x00007ffed10cd000 	C:\WINDOWS\System32\USER32.dll
0x00007ffed00c0000 - 0x00007ffed00e2000 	C:\WINDOWS\System32\win32u.dll
0x00007ffebe3d0000 - 0x00007ffebe66a000 	C:\WINDOWS\WinSxS\amd64_microsoft.windows.common-controls_6595b64144ccf1df_6.0.19041.4355_none_60b8b9eb71f62e16\COMCTL32.dll
0x00007ffed1750000 - 0x00007ffed177b000 	C:\WINDOWS\System32\GDI32.dll
0x00007ffed17a0000 - 0x00007ffed183e000 	C:\WINDOWS\System32\msvcrt.dll
0x00007ffecf910000 - 0x00007ffecfa2a000 	C:\WINDOWS\System32\gdi32full.dll
0x00007ffed00f0000 - 0x00007ffed018d000 	C:\WINDOWS\System32\msvcp_win.dll
0x00007ffed2100000 - 0x00007ffed212f000 	C:\WINDOWS\System32\IMM32.DLL
0x00007ffec8530000 - 0x00007ffec853c000 	D:\Kuliah\semester 4\web lanjut\PhpStorm 2024.3.3\jbr\bin\vcruntime140_1.dll
0x00007ffe8c560000 - 0x00007ffe8c5ed000 	D:\Kuliah\semester 4\web lanjut\PhpStorm 2024.3.3\jbr\bin\msvcp140.dll
0x00007ffe66900000 - 0x00007ffe676c1000 	D:\Kuliah\semester 4\web lanjut\PhpStorm 2024.3.3\jbr\bin\server\jvm.dll
0x00007ffed0330000 - 0x00007ffed03df000 	C:\WINDOWS\System32\ADVAPI32.dll
0x00007ffed0cf0000 - 0x00007ffed0d8f000 	C:\WINDOWS\System32\sechost.dll
0x00007ffed08f0000 - 0x00007ffed0a13000 	C:\WINDOWS\System32\RPCRT4.dll
0x00007ffecfa80000 - 0x00007ffecfaa7000 	C:\WINDOWS\System32\bcrypt.dll
0x00007ffed1840000 - 0x00007ffed18ab000 	C:\WINDOWS\System32\WS2_32.dll
0x00007ffecf5c0000 - 0x00007ffecf60b000 	C:\WINDOWS\SYSTEM32\POWRPROF.dll
0x00007ffecdf80000 - 0x00007ffecdf8a000 	C:\WINDOWS\SYSTEM32\VERSION.dll
0x00007ffebcd30000 - 0x00007ffebcd57000 	C:\WINDOWS\SYSTEM32\WINMM.dll
0x00007ffecf5a0000 - 0x00007ffecf5b2000 	C:\WINDOWS\SYSTEM32\UMPDC.dll
0x00007ffece080000 - 0x00007ffece092000 	C:\WINDOWS\SYSTEM32\kernel.appcore.dll
0x00007ffec5980000 - 0x00007ffec598a000 	D:\Kuliah\semester 4\web lanjut\PhpStorm 2024.3.3\jbr\bin\jimage.dll
0x00007ffecc7d0000 - 0x00007ffecc9b4000 	C:\WINDOWS\SYSTEM32\DBGHELP.DLL
0x00007ffeac6f0000 - 0x00007ffeac724000 	C:\WINDOWS\SYSTEM32\dbgcore.DLL
0x00007ffecfab0000 - 0x00007ffecfb32000 	C:\WINDOWS\System32\bcryptPrimitives.dll
0x00007ffeb28a0000 - 0x00007ffeb28c0000 	D:\Kuliah\semester 4\web lanjut\PhpStorm 2024.3.3\jbr\bin\java.dll
0x00007ffeb2700000 - 0x00007ffeb2718000 	D:\Kuliah\semester 4\web lanjut\PhpStorm 2024.3.3\jbr\bin\zip.dll
0x00007ffed1930000 - 0x00007ffed209d000 	C:\WINDOWS\System32\SHELL32.dll
0x00007ffecd5b0000 - 0x00007ffecdd54000 	C:\WINDOWS\SYSTEM32\windows.storage.dll
0x00007ffed12e0000 - 0x00007ffed1635000 	C:\WINDOWS\System32\combase.dll
0x00007ffecf1d0000 - 0x00007ffecf1ff000 	C:\WINDOWS\SYSTEM32\Wldp.dll
0x00007ffed0e60000 - 0x00007ffed0f2d000 	C:\WINDOWS\System32\OLEAUT32.dll
0x00007ffed0a30000 - 0x00007ffed0add000 	C:\WINDOWS\System32\SHCORE.dll
0x00007ffed10d0000 - 0x00007ffed1125000 	C:\WINDOWS\System32\shlwapi.dll
0x00007ffecf740000 - 0x00007ffecf764000 	C:\WINDOWS\SYSTEM32\profapi.dll
0x00007ffebd9d0000 - 0x00007ffebd9e0000 	D:\Kuliah\semester 4\web lanjut\PhpStorm 2024.3.3\jbr\bin\net.dll
0x00007ffecdd70000 - 0x00007ffecde7a000 	C:\WINDOWS\SYSTEM32\WINHTTP.dll
0x00007ffeceed0000 - 0x00007ffecef3c000 	C:\WINDOWS\system32\mswsock.dll
0x00007ffeac9e0000 - 0x00007ffeac9f6000 	D:\Kuliah\semester 4\web lanjut\PhpStorm 2024.3.3\jbr\bin\nio.dll
0x00007ffebcc00000 - 0x00007ffebcc0e000 	D:\Kuliah\semester 4\web lanjut\PhpStorm 2024.3.3\jbr\bin\sunmscapi.dll
0x00007ffecff60000 - 0x00007ffed00bc000 	C:\WINDOWS\System32\CRYPT32.dll
0x00007ffecf240000 - 0x00007ffecf267000 	C:\WINDOWS\SYSTEM32\ncrypt.dll
0x00007ffecf200000 - 0x00007ffecf23b000 	C:\WINDOWS\SYSTEM32\NTASN1.dll

dbghelp: loaded successfully - version: 4.0.5 - missing functions: none
symbol engine: initialized successfully - sym options: 0x614 - pdb path: .;D:\Kuliah\semester 4\web lanjut\PhpStorm 2024.3.3\jbr\bin;C:\WINDOWS\SYSTEM32;C:\WINDOWS\WinSxS\amd64_microsoft.windows.common-controls_6595b64144ccf1df_6.0.19041.4355_none_60b8b9eb71f62e16;D:\Kuliah\semester 4\web lanjut\PhpStorm 2024.3.3\jbr\bin\server

VM Arguments:
java_command: git4idea.http.GitAskPassApp Username for 'https://github.com': 
java_class_path (initial): D:/Kuliah/semester 4/web lanjut/PhpStorm 2024.3.3/plugins/vcs-git/lib/git4idea-rt.jar;D:/Kuliah/semester 4/web lanjut/PhpStorm 2024.3.3/lib/externalProcess-rt.jar
Launcher Type: SUN_STANDARD

[Global flags]
     intx CICompilerCount                          = 3                                         {product} {ergonomic}
     uint ConcGCThreads                            = 1                                         {product} {ergonomic}
     uint G1ConcRefinementThreads                  = 4                                         {product} {ergonomic}
   size_t G1HeapRegionSize                         = 1048576                                   {product} {ergonomic}
    uintx GCDrainStackTargetSize                   = 64                                        {product} {ergonomic}
   size_t InitialHeapSize                          = 132120576                                 {product} {ergonomic}
   size_t MarkStackSize                            = 4194304                                   {product} {ergonomic}
   size_t MaxHeapSize                              = 2105540608                                {product} {ergonomic}
   size_t MaxNewSize                               = 1262485504                                {product} {ergonomic}
   size_t MinHeapDeltaBytes                        = 1048576                                   {product} {ergonomic}
   size_t MinHeapSize                              = 8388608                                   {product} {ergonomic}
    uintx NonNMethodCodeHeapSize                   = 5832780                                {pd product} {ergonomic}
    uintx NonProfiledCodeHeapSize                  = 122912730                              {pd product} {ergonomic}
    uintx ProfiledCodeHeapSize                     = 122912730                              {pd product} {ergonomic}
    uintx ReservedCodeCacheSize                    = 251658240                              {pd product} {ergonomic}
     bool SegmentedCodeCache                       = true                                      {product} {ergonomic}
   size_t SoftMaxHeapSize                          = 2105540608                             {manageable} {ergonomic}
     bool UseCompressedOops                        = true                           {product lp64_product} {ergonomic}
     bool UseG1GC                                  = true                                      {product} {ergonomic}
     bool UseLargePagesIndividualAllocation        = false                                  {pd product} {ergonomic}

Logging:
Log output configuration:
 #0: stdout all=warning uptime,level,tags foldmultilines=false
 #1: stderr all=off uptime,level,tags foldmultilines=false

Environment Variables:
PATH=C:/Program Files/Git/mingw64/libexec/git-core;C:/Program Files/Git/mingw64/libexec/git-core;C:/Program Files/Git/mingw64/libexec/git-core;C:/Program Files/Git/mingw64/libexec/git-core;C:/Program Files/Git/mingw64/libexec/git-core;C:/Program Files/Git/mingw64/libexec/git-core;C:/Program Files/Git/mingw64/libexec/git-core;C:/Program Files/Git/mingw64/libexec/git-core;C:/Program Files/Git/mingw64/libexec/git-core;C:/Program Files/Git/mingw64/libexec/git-core;C:/Program Files/Git/mingw64/libexec/git-core;C:/Program Files/Git/mingw64/libexec/git-core;C:/Program Files/Git/mingw64/libexec/git-core;C:/Program Files/Git/mingw64/libexec/git-core;C:/Program Files/Git/mingw64/libexec/git-core;C:/Program Files/Git/mingw64/libexec/git-core;C:/Program Files/Git/mingw64/libexec/git-core;C:/Program Files/Git/mingw64/libexec/git-core;C:/Program Files/Git/mingw64/libexec/git-core;C:/Program Files/Git/mingw64/libexec/git-core;C:/Program Files/Git/mingw64/libexec/git-core;C:/Program Files/Git/mingw64/libexec/git-core;C:/Program Files/Git/mingw64/libexec/git-core;C:/Program Files/Git/mingw64/libexec/git-core;C:/Program Files/Git/mingw64/libexec/git-core;C:/Program Files/Git/mingw64/libexec/git-core;C:/Program Files/Git/mingw64/libexec/git-core;C:/Program Files/Git/mingw64/libexec/git-core;C:/Program Files/Git/mingw64/libexec/git-core;C:/Program Files/Git/mingw64/libexec/git-core;C:/Program Files/Git/mingw64/libexec/git-core;C:/Program Files/Git/mingw64/libexec/git-core;C:/Program Files/Git/mingw64/libexec/git-core;C:/Program Files/Git/mingw64/libexec/git-core;C:/Program Files/Git/mingw64/libexec/git-core;C:/Program Files/Git/mingw64/libexec/git-core;C:/Program Files/Git/mingw64/libexec/git-core;C:/Program Files/Git/mingw64/libexec/git-core;C:/Program Files/Git/mingw64/libexec/git-core;C:/Program Files/Git/mingw64/libexec/git-core;C:/Program Files/Git/mingw64/libexec/git-core;C:/Program Files/Git/mingw64/libexec/git-core;C:/Program Files/Git/mingw64/libexec/git-core;C:/Program Files/Git/mingw64/libexec/git-core;C:/Program Files/Git/mingw64/libexec/git-core;C:/Program Files/Git/mingw64/libexec/git-core;C:/Program Files/Git/mingw64/libexec/git-core;C:/Program Files/Git/mingw64/libexec/git-core;C:/Program Files/Git/mingw64/libexec/git-core;C:/Program Files/Git/mingw64/libexec/git-core;C:/Program Files/Git/mingw64/libexec/git-core;C:/Program Files/Git/mingw64/libexec/git-core;C:/Program Files/Git/mingw64/libexec/git-core;C:/Program Files/Git/mingw64/libexec/git-core;C:/Program Files/Git/mingw64/libexec/git-core;C:/Program Files/Git/mingw64/libexec/git-core;C:/Program Files/Git/mingw64/libexec/git-core;C:/Program Files/Git/mingw64/libexec/git-core;C:/Program Files/Git/mingw64/libexec/git-core;C:/Program Files/Git/mingw64/libexec/git-core;C:/Program Files/Git/mingw64/libexec/git-core;C:/Program Files/Git/mingw64/libexec/git-core;C:/Program Files/Git/mingw64/libexec/git-core;C:/Program Files/Git/mingw64/libexec/git-core;C:/Program Files/Git/mingw64/libexec/git-core;C:/Program Files/Git/mingw64/libexec/git-core;C:\Program Files\Git\mingw64\libexec\git-core;C:\Program Files\Git\mingw64\bin;C:\Program Files\Git\usr\bin;C:\Users\Lenovo T490\bin;C:\Program Files\Common Files\Oracle\Java\javapath;C:\WINDOWS\system32;C:\WINDOWS;C:\WINDOWS\System32\Wbem;C:\WINDOWS\System32\WindowsPowerShell\v1.0;C:\WINDOWS\System32\OpenSSH;C:\Program Files\Intel\WiFi\bin;C:\Program Files\Common Files\Intel\WirelessCommon;C:\Users\Lenovo T490\Documents\Kuliah\PRAKTEK DASPRO\Java\jdk\bin;D:\;C:\Program Files\Microsoft VS Code\bin;C:\Program Files\nodejs;C:\Program Files\Git\cmd;C:\laragon\bin\php\php-8.1.10-Win32-vs16-x64;C:\ProgramData\ComposerSetup\bin;C:\Program Files (x86)\Microsoft SQL Server\160\DTS\Binn;C:\Program Files (x86)\Microsoft SQL Server\160\Tools\Binn;C:\Program Files\Microsoft SQL Server\160\Tools\Binn;C:\Program Files\Microsoft SQL Server\Client SDK\ODBC\170\Tools\Binn;C:\Program Files\Microsoft SQL Server\160\DTS\Binn;C:\laragon\bin;C:\laragon\bin\apache\httpd-2.4.54-win64-VS16\bin;C:\laragon\bin\composer;C:\laragon\bin\git\bin;C:\laragon\bin\git\cmd;C:\laragon\bin\git\mingw64\bin;C:\laragon\bin\git\usr\bin;C:\laragon\bin\laragon\utils;C:\laragon\bin\mysql\mysql-8.0.30-winx64\bin;C:\laragon\bin\nginx\nginx-1.22.0;C:\laragon\bin\ngrok;C:\laragon\bin\nodejs\node-v18;C:\laragon\bin\notepad++;C:\laragon\bin\php\php-8.2.7-Win32-vs16-x64;C:\laragon\bin\python\python-3.10;C:\laragon\bin\python\python-3.10\Scripts;C:\laragon\bin\redis\redis-x64-5.0.14.1;C:\laragon\bin\telnet;C:\laragon\usr\bin;C:\Users\Lenovo T490\AppData\Local\Yarn\config\global\node_modules\.bin;C:\Users\Lenovo T490\AppData\Roaming\Composer\vendor\bin;C:\Users\Lenovo T490\AppData\Roaming\npm;C:\Users\Lenovo T490\AppData\Local\Microsoft\WindowsApps;C:\Users\Lenovo T490\AppData\Local\Programs\Microsoft VS Code\bin;D:\Kuliah\semester 4\web lanjut\PhpStorm 2024.3.3\bin
USERNAME=Lenovo T490
DISPLAY=:0.0
LC_ALL=en_US.UTF-8
TERM=xterm-256color
TMPDIR=C:\Users\LENOVO~1\AppData\Local\Temp
OS=Windows_NT
PROCESSOR_IDENTIFIER=Intel64 Family 6 Model 142 Stepping 9, GenuineIntel
TMP=C:\Users\LENOVO~1\AppData\Local\Temp
TEMP=C:\Users\LENOVO~1\AppData\Local\Temp




Periodic native trim disabled

JNI global refs:
JNI global refs: 7, weak refs: 0

JNI global refs memory usage: 835, weak refs: 833

Process memory usage:
Resident Set Size: 41136K (0% of 8219204K total physical memory with 395928K free physical memory)

OOME stack traces (most recent first):
Classloader memory used:
Loader bootstrap                                                                       : 8140K
Loader jdk.internal.loader.ClassLoaders$PlatformClassLoader                            : 106K
Loader jdk.internal.loader.ClassLoaders$AppClassLoader                                 : 16400B

---------------  S Y S T E M  ---------------

OS:
 Windows 10 , 64 bit Build 19041 (10.0.19041.5438)
OS uptime: 1 days 1:25 hours

CPU: total 4 (initial active 4) (2 cores per cpu, 2 threads per core) family 6 model 142 stepping 9 microcode 0xf4, cx8, cmov, fxsr, ht, mmx, 3dnowpref, sse, sse2, sse3, ssse3, sse4.1, sse4.2, popcnt, lzcnt, tsc, tscinvbit, avx, avx2, aes, erms, clmul, bmi1, bmi2, rtm, adx, fma, vzeroupper, clflush, clflushopt, rdtscp, f16c
Processor Information for processor 0
  Max Mhz: 2712, Current Mhz: 1406, Mhz Limit: 2603
Processor Information for processor 1
  Max Mhz: 2712, Current Mhz: 2611, Mhz Limit: 2603
Processor Information for processor 2
  Max Mhz: 2712, Current Mhz: 1406, Mhz Limit: 2603
Processor Information for processor 3
  Max Mhz: 2712, Current Mhz: 2611, Mhz Limit: 2603

Memory: 4k page, system-wide physical 8026M (386M free)
TotalPageFile size 25297M (AvailPageFile size 2M)
current process WorkingSet (physical memory assigned to process): 40M, peak: 40M
current process commit charge ("private bytes"): 196M, peak: 198M

vm_info: OpenJDK 64-Bit Server VM (21.0.6+8-b631.39) for windows-amd64 JRE (21.0.6+8-b631.39), built on 2025-02-04 by "builduser" with MS VC++ 16.10 / 16.11 (VS2019)

END.
