#
# There is insufficient memory for the Java Runtime Environment to continue.
# Native memory allocation (malloc) failed to allocate 1011616 bytes. Error detail: Chunk::new
# Possible reasons:
#   The system is out of physical RAM or swap space
#   This process is running with CompressedOops enabled, and the Java Heap may be blocking the growth of the native heap
# Possible solutions:
#   Reduce memory load on the system
#   Increase physical memory or swap space
#   Check if swap backing store is full
#   Decrease Java heap size (-Xmx/-Xms)
#   Decrease number of Java threads
#   Decrease Java thread stack sizes (-Xss)
#   Set larger code cache with -XX:ReservedCodeCacheSize=
#   JVM is running with Unscaled Compressed Oops mode in which the Java heap is
#     placed in the first 4GB address space. The Java Heap base address is the
#     maximum limit for the native heap growth. Please use -XX:HeapBaseMinAddress
#     to set the Java Heap base and to place the Java Heap above 4GB virtual address.
# This output file may be truncated or incomplete.
#
#  Out of Memory Error (arena.cpp:168), pid=23168, tid=20800
#
# JRE version: OpenJDK Runtime Environment JBR-21.0.6+8-631.39-jcef (21.0.6+8) (build 21.0.6+8-b631.39)
# Java VM: OpenJDK 64-Bit Server VM JBR-21.0.6+8-631.39-jcef (21.0.6+8-b631.39, mixed mode, sharing, tiered, compressed oops, compressed class ptrs, g1 gc, windows-amd64)
# No core dump will be written. Minidumps are not enabled by default on client versions of Windows
#

---------------  S U M M A R Y ------------

Command Line: git4idea.http.GitAskPassApp Username for 'https://github.com': 

Host: Intel(R) Core(TM) i5-7300U CPU @ 2.60GHz, 4 cores, 7G,  Windows 10 , 64 bit Build 19041 (10.0.19041.5438)
Time: Fri Feb 21 04:58:20 2025 SE Asia Standard Time elapsed time: 1.022556 seconds (0d 0h 0m 1s)

---------------  T H R E A D  ---------------

Current thread (0x00000197de6c3df0):  JavaThread "C2 CompilerThread0" daemon [_thread_in_native, id=20800, stack(0x0000005151e00000,0x0000005151f00000) (1024K)]


Current CompileTask:
C2:1022 1090       4       sun.security.ec.ECOperations::setDouble (463 bytes)

Stack: [0x0000005151e00000,0x0000005151f00000]
Native frames: (J=compiled Java code, j=interpreted, Vv=VM code, C=native code)
V  [jvm.dll+0x6e5d39]
V  [jvm.dll+0x8c4133]
V  [jvm.dll+0x8c668e]
V  [jvm.dll+0x8c6d73]
V  [jvm.dll+0x288f76]
V  [jvm.dll+0xc66dd]
V  [jvm.dll+0xc6c13]
V  [jvm.dll+0x2feb80]
V  [jvm.dll+0x60c8b9]
V  [jvm.dll+0x2598d2]
V  [jvm.dll+0x259c8f]
V  [jvm.dll+0x252435]
V  [jvm.dll+0x24fc8e]
V  [jvm.dll+0x1cd6c4]
V  [jvm.dll+0x25f60c]
V  [jvm.dll+0x25db56]
V  [jvm.dll+0x3ff756]
V  [jvm.dll+0x86bd48]
V  [jvm.dll+0x6e453d]
C  [ucrtbase.dll+0x21bb2]
C  [KERNEL32.DLL+0x17374]
C  [ntdll.dll+0x4cc91]


---------------  P R O C E S S  ---------------

Threads class SMR info:
_java_thread_list=0x00000197e30b3c00, length=15, elements={
0x00000197c6b2b0e0, 0x00000197de6bd3f0, 0x00000197de6befb0, 0x00000197de6c0a10,
0x00000197de6c1460, 0x00000197de6c1eb0, 0x00000197de6c2900, 0x00000197de6c3df0,
0x00000197de6c88a0, 0x00000197de93a4b0, 0x00000197de93c500, 0x00000197e3044000,
0x00000197e308ecc0, 0x00000197e308f320, 0x00000197e30cf660
}

Java Threads: ( => current thread )
  0x00000197c6b2b0e0 JavaThread "main"                              [_thread_blocked, id=20876, stack(0x0000005151000000,0x0000005151100000) (1024K)]
  0x00000197de6bd3f0 JavaThread "Reference Handler"          daemon [_thread_blocked, id=10040, stack(0x0000005151800000,0x0000005151900000) (1024K)]
  0x00000197de6befb0 JavaThread "Finalizer"                  daemon [_thread_blocked, id=30932, stack(0x0000005151900000,0x0000005151a00000) (1024K)]
  0x00000197de6c0a10 JavaThread "Signal Dispatcher"          daemon [_thread_blocked, id=17612, stack(0x0000005151a00000,0x0000005151b00000) (1024K)]
  0x00000197de6c1460 JavaThread "Attach Listener"            daemon [_thread_blocked, id=31528, stack(0x0000005151b00000,0x0000005151c00000) (1024K)]
  0x00000197de6c1eb0 JavaThread "Service Thread"             daemon [_thread_blocked, id=9300, stack(0x0000005151c00000,0x0000005151d00000) (1024K)]
  0x00000197de6c2900 JavaThread "Monitor Deflation Thread"   daemon [_thread_blocked, id=11584, stack(0x0000005151d00000,0x0000005151e00000) (1024K)]
=>0x00000197de6c3df0 JavaThread "C2 CompilerThread0"         daemon [_thread_in_native, id=20800, stack(0x0000005151e00000,0x0000005151f00000) (1024K)]
  0x00000197de6c88a0 JavaThread "C1 CompilerThread0"         daemon [_thread_in_native, id=23024, stack(0x0000005151f00000,0x0000005152000000) (1024K)]
  0x00000197de93a4b0 JavaThread "Notification Thread"        daemon [_thread_blocked, id=23796, stack(0x0000005152000000,0x0000005152100000) (1024K)]
  0x00000197de93c500 JavaThread "Common-Cleaner"             daemon [_thread_blocked, id=15580, stack(0x0000005152100000,0x0000005152200000) (1024K)]
  0x00000197e3044000 JavaThread "HttpClient-1-SelectorManager" daemon [_thread_in_native, id=18544, stack(0x0000005152200000,0x0000005152300000) (1024K)]
  0x00000197e308ecc0 JavaThread "HttpClient-1-Worker-0"      daemon [_thread_in_native, id=23076, stack(0x0000005152400000,0x0000005152500000) (1024K)]
  0x00000197e308f320 JavaThread "HttpClient-1-Worker-1"      daemon [_thread_blocked, id=6744, stack(0x0000005152500000,0x0000005152600000) (1024K)]
  0x00000197e30cf660 JavaThread "C2 CompilerThread1"         daemon [_thread_blocked, id=24328, stack(0x0000005152900000,0x0000005152a00000) (1024K)]
Total: 15

Other Threads:
  0x00000197de6a14a0 VMThread "VM Thread"                           [id=21816, stack(0x0000005151700000,0x0000005151800000) (1024K)]
  0x00000197de6916a0 WatcherThread "VM Periodic Task Thread"        [id=5764, stack(0x0000005151600000,0x0000005151700000) (1024K)]
  0x00000197c6b7dcf0 WorkerThread "GC Thread#0"                     [id=28488, stack(0x0000005151100000,0x0000005151200000) (1024K)]
  0x00000197e30d0120 WorkerThread "GC Thread#1"                     [id=29588, stack(0x0000005152600000,0x0000005152700000) (1024K)]
  0x00000197e3130f90 WorkerThread "GC Thread#2"                     [id=29140, stack(0x0000005152700000,0x0000005152800000) (1024K)]
  0x00000197e31a1f90 WorkerThread "GC Thread#3"                     [id=22932, stack(0x0000005152800000,0x0000005152900000) (1024K)]
  0x00000197c6b8f8a0 ConcurrentGCThread "G1 Main Marker"            [id=6564, stack(0x0000005151200000,0x0000005151300000) (1024K)]
  0x00000197c6b90a50 WorkerThread "G1 Conc#0"                       [id=30992, stack(0x0000005151300000,0x0000005151400000) (1024K)]
  0x00000197c6bde630 ConcurrentGCThread "G1 Refine#0"               [id=14288, stack(0x0000005151400000,0x0000005151500000) (1024K)]
  0x00000197de562160 ConcurrentGCThread "G1 Service"                [id=22160, stack(0x0000005151500000,0x0000005151600000) (1024K)]
Total: 10

Threads with active compile tasks:
C2 CompilerThread0  1052 1090       4       sun.security.ec.ECOperations::setDouble (463 bytes)
C1 CompilerThread0  1052 1142       3       java.lang.invoke.TypeConvertingMethodAdapter::convertType (299 bytes)
Total: 2

VM state: not at safepoint (normal execution)

VM Mutex/Monitor currently owned by a thread: None

Heap address: 0x0000000082800000, size: 2008 MB, Compressed Oops mode: 32-bit

CDS archive(s) mapped at: [0x0000019780000000-0x0000019780d00000-0x0000019780d00000), size 13631488, SharedBaseAddress: 0x0000019780000000, ArchiveRelocationMode: 1.
Compressed class space mapped at: 0x0000019781000000-0x00000197c1000000, reserved size: 1073741824
Narrow klass base: 0x0000019780000000, Narrow klass shift: 0, Narrow klass range: 0x100000000

GC Precious Log:
 CardTable entry size: 512
 Card Set container configuration: InlinePtr #cards 5 size 8 Array Of Cards #cards 12 size 40 Howl #buckets 4 coarsen threshold 1843 Howl Bitmap #cards 512 size 80 coarsen threshold 460 Card regions per heap region 1 cards per card region 2048
 CPUs: 4 total, 4 available
 Memory: 8026M
 Large Page Support: Disabled
 NUMA Support: Disabled
 Compressed Oops: Enabled (32-bit)
 Heap Region Size: 1M
 Heap Min Capacity: 8M
 Heap Initial Capacity: 126M
 Heap Max Capacity: 2008M
 Pre-touch: Disabled
 Parallel Workers: 4
 Concurrent Workers: 1
 Concurrent Refinement Workers: 4
 Periodic GC: Disabled

Heap:
 garbage-first heap   total 129024K, used 3459K [0x0000000082800000, 0x0000000100000000)
  region size 1024K, 4 young (4096K), 2 survivors (2048K)
 Metaspace       used 8820K, committed 9088K, reserved 1114112K
  class space    used 1011K, committed 1152K, reserved 1048576K

Heap Regions: E=young(eden), S=young(survivor), O=old, HS=humongous(starts), HC=humongous(continues), CS=collection set, F=free, TAMS=top-at-mark-start, PB=parsable bottom
|   0|0x0000000082800000, 0x0000000082860db8, 0x0000000082900000| 37%| O|  |TAMS 0x0000000082800000| PB 0x0000000082800000| Untracked 
|   1|0x0000000082900000, 0x0000000082900000, 0x0000000082a00000|  0%| F|  |TAMS 0x0000000082900000| PB 0x0000000082900000| Untracked 
|   2|0x0000000082a00000, 0x0000000082a00000, 0x0000000082b00000|  0%| F|  |TAMS 0x0000000082a00000| PB 0x0000000082a00000| Untracked 
|   3|0x0000000082b00000, 0x0000000082b00000, 0x0000000082c00000|  0%| F|  |TAMS 0x0000000082b00000| PB 0x0000000082b00000| Untracked 
|   4|0x0000000082c00000, 0x0000000082c00000, 0x0000000082d00000|  0%| F|  |TAMS 0x0000000082c00000| PB 0x0000000082c00000| Untracked 
|   5|0x0000000082d00000, 0x0000000082d00000, 0x0000000082e00000|  0%| F|  |TAMS 0x0000000082d00000| PB 0x0000000082d00000| Untracked 
|   6|0x0000000082e00000, 0x0000000082e00000, 0x0000000082f00000|  0%| F|  |TAMS 0x0000000082e00000| PB 0x0000000082e00000| Untracked 
|   7|0x0000000082f00000, 0x0000000082f00000, 0x0000000083000000|  0%| F|  |TAMS 0x0000000082f00000| PB 0x0000000082f00000| Untracked 
|   8|0x0000000083000000, 0x0000000083000000, 0x0000000083100000|  0%| F|  |TAMS 0x0000000083000000| PB 0x0000000083000000| Untracked 
|   9|0x0000000083100000, 0x0000000083100000, 0x0000000083200000|  0%| F|  |TAMS 0x0000000083100000| PB 0x0000000083100000| Untracked 
|  10|0x0000000083200000, 0x0000000083200000, 0x0000000083300000|  0%| F|  |TAMS 0x0000000083200000| PB 0x0000000083200000| Untracked 
|  11|0x0000000083300000, 0x0000000083300000, 0x0000000083400000|  0%| F|  |TAMS 0x0000000083300000| PB 0x0000000083300000| Untracked 
|  12|0x0000000083400000, 0x0000000083400000, 0x0000000083500000|  0%| F|  |TAMS 0x0000000083400000| PB 0x0000000083400000| Untracked 
|  13|0x0000000083500000, 0x0000000083500000, 0x0000000083600000|  0%| F|  |TAMS 0x0000000083500000| PB 0x0000000083500000| Untracked 
|  14|0x0000000083600000, 0x0000000083600000, 0x0000000083700000|  0%| F|  |TAMS 0x0000000083600000| PB 0x0000000083600000| Untracked 
|  15|0x0000000083700000, 0x0000000083700000, 0x0000000083800000|  0%| F|  |TAMS 0x0000000083700000| PB 0x0000000083700000| Untracked 
|  16|0x0000000083800000, 0x0000000083800000, 0x0000000083900000|  0%| F|  |TAMS 0x0000000083800000| PB 0x0000000083800000| Untracked 
|  17|0x0000000083900000, 0x0000000083900000, 0x0000000083a00000|  0%| F|  |TAMS 0x0000000083900000| PB 0x0000000083900000| Untracked 
|  18|0x0000000083a00000, 0x0000000083a00000, 0x0000000083b00000|  0%| F|  |TAMS 0x0000000083a00000| PB 0x0000000083a00000| Untracked 
|  19|0x0000000083b00000, 0x0000000083b00000, 0x0000000083c00000|  0%| F|  |TAMS 0x0000000083b00000| PB 0x0000000083b00000| Untracked 
|  20|0x0000000083c00000, 0x0000000083c00000, 0x0000000083d00000|  0%| F|  |TAMS 0x0000000083c00000| PB 0x0000000083c00000| Untracked 
|  21|0x0000000083d00000, 0x0000000083d00000, 0x0000000083e00000|  0%| F|  |TAMS 0x0000000083d00000| PB 0x0000000083d00000| Untracked 
|  22|0x0000000083e00000, 0x0000000083e00000, 0x0000000083f00000|  0%| F|  |TAMS 0x0000000083e00000| PB 0x0000000083e00000| Untracked 
|  23|0x0000000083f00000, 0x0000000083f00000, 0x0000000084000000|  0%| F|  |TAMS 0x0000000083f00000| PB 0x0000000083f00000| Untracked 
|  24|0x0000000084000000, 0x0000000084000000, 0x0000000084100000|  0%| F|  |TAMS 0x0000000084000000| PB 0x0000000084000000| Untracked 
|  25|0x0000000084100000, 0x0000000084100000, 0x0000000084200000|  0%| F|  |TAMS 0x0000000084100000| PB 0x0000000084100000| Untracked 
|  26|0x0000000084200000, 0x0000000084200000, 0x0000000084300000|  0%| F|  |TAMS 0x0000000084200000| PB 0x0000000084200000| Untracked 
|  27|0x0000000084300000, 0x0000000084300000, 0x0000000084400000|  0%| F|  |TAMS 0x0000000084300000| PB 0x0000000084300000| Untracked 
|  28|0x0000000084400000, 0x0000000084400000, 0x0000000084500000|  0%| F|  |TAMS 0x0000000084400000| PB 0x0000000084400000| Untracked 
|  29|0x0000000084500000, 0x0000000084500000, 0x0000000084600000|  0%| F|  |TAMS 0x0000000084500000| PB 0x0000000084500000| Untracked 
|  30|0x0000000084600000, 0x0000000084600000, 0x0000000084700000|  0%| F|  |TAMS 0x0000000084600000| PB 0x0000000084600000| Untracked 
|  31|0x0000000084700000, 0x0000000084700000, 0x0000000084800000|  0%| F|  |TAMS 0x0000000084700000| PB 0x0000000084700000| Untracked 
|  32|0x0000000084800000, 0x0000000084800000, 0x0000000084900000|  0%| F|  |TAMS 0x0000000084800000| PB 0x0000000084800000| Untracked 
|  33|0x0000000084900000, 0x0000000084900000, 0x0000000084a00000|  0%| F|  |TAMS 0x0000000084900000| PB 0x0000000084900000| Untracked 
|  34|0x0000000084a00000, 0x0000000084a00000, 0x0000000084b00000|  0%| F|  |TAMS 0x0000000084a00000| PB 0x0000000084a00000| Untracked 
|  35|0x0000000084b00000, 0x0000000084b00000, 0x0000000084c00000|  0%| F|  |TAMS 0x0000000084b00000| PB 0x0000000084b00000| Untracked 
|  36|0x0000000084c00000, 0x0000000084c00000, 0x0000000084d00000|  0%| F|  |TAMS 0x0000000084c00000| PB 0x0000000084c00000| Untracked 
|  37|0x0000000084d00000, 0x0000000084d00000, 0x0000000084e00000|  0%| F|  |TAMS 0x0000000084d00000| PB 0x0000000084d00000| Untracked 
|  38|0x0000000084e00000, 0x0000000084e00000, 0x0000000084f00000|  0%| F|  |TAMS 0x0000000084e00000| PB 0x0000000084e00000| Untracked 
|  39|0x0000000084f00000, 0x0000000084f00000, 0x0000000085000000|  0%| F|  |TAMS 0x0000000084f00000| PB 0x0000000084f00000| Untracked 
|  40|0x0000000085000000, 0x0000000085000000, 0x0000000085100000|  0%| F|  |TAMS 0x0000000085000000| PB 0x0000000085000000| Untracked 
|  41|0x0000000085100000, 0x0000000085100000, 0x0000000085200000|  0%| F|  |TAMS 0x0000000085100000| PB 0x0000000085100000| Untracked 
|  42|0x0000000085200000, 0x0000000085200000, 0x0000000085300000|  0%| F|  |TAMS 0x0000000085200000| PB 0x0000000085200000| Untracked 
|  43|0x0000000085300000, 0x0000000085300000, 0x0000000085400000|  0%| F|  |TAMS 0x0000000085300000| PB 0x0000000085300000| Untracked 
|  44|0x0000000085400000, 0x0000000085400000, 0x0000000085500000|  0%| F|  |TAMS 0x0000000085400000| PB 0x0000000085400000| Untracked 
|  45|0x0000000085500000, 0x0000000085500000, 0x0000000085600000|  0%| F|  |TAMS 0x0000000085500000| PB 0x0000000085500000| Untracked 
|  46|0x0000000085600000, 0x0000000085600000, 0x0000000085700000|  0%| F|  |TAMS 0x0000000085600000| PB 0x0000000085600000| Untracked 
|  47|0x0000000085700000, 0x0000000085700000, 0x0000000085800000|  0%| F|  |TAMS 0x0000000085700000| PB 0x0000000085700000| Untracked 
|  48|0x0000000085800000, 0x0000000085800000, 0x0000000085900000|  0%| F|  |TAMS 0x0000000085800000| PB 0x0000000085800000| Untracked 
|  49|0x0000000085900000, 0x0000000085900000, 0x0000000085a00000|  0%| F|  |TAMS 0x0000000085900000| PB 0x0000000085900000| Untracked 
|  50|0x0000000085a00000, 0x0000000085a00000, 0x0000000085b00000|  0%| F|  |TAMS 0x0000000085a00000| PB 0x0000000085a00000| Untracked 
|  51|0x0000000085b00000, 0x0000000085b00000, 0x0000000085c00000|  0%| F|  |TAMS 0x0000000085b00000| PB 0x0000000085b00000| Untracked 
|  52|0x0000000085c00000, 0x0000000085c00000, 0x0000000085d00000|  0%| F|  |TAMS 0x0000000085c00000| PB 0x0000000085c00000| Untracked 
|  53|0x0000000085d00000, 0x0000000085d00000, 0x0000000085e00000|  0%| F|  |TAMS 0x0000000085d00000| PB 0x0000000085d00000| Untracked 
|  54|0x0000000085e00000, 0x0000000085e00000, 0x0000000085f00000|  0%| F|  |TAMS 0x0000000085e00000| PB 0x0000000085e00000| Untracked 
|  55|0x0000000085f00000, 0x0000000085f00000, 0x0000000086000000|  0%| F|  |TAMS 0x0000000085f00000| PB 0x0000000085f00000| Untracked 
|  56|0x0000000086000000, 0x0000000086000000, 0x0000000086100000|  0%| F|  |TAMS 0x0000000086000000| PB 0x0000000086000000| Untracked 
|  57|0x0000000086100000, 0x0000000086100000, 0x0000000086200000|  0%| F|  |TAMS 0x0000000086100000| PB 0x0000000086100000| Untracked 
|  58|0x0000000086200000, 0x0000000086200000, 0x0000000086300000|  0%| F|  |TAMS 0x0000000086200000| PB 0x0000000086200000| Untracked 
|  59|0x0000000086300000, 0x0000000086300000, 0x0000000086400000|  0%| F|  |TAMS 0x0000000086300000| PB 0x0000000086300000| Untracked 
|  60|0x0000000086400000, 0x0000000086400000, 0x0000000086500000|  0%| F|  |TAMS 0x0000000086400000| PB 0x0000000086400000| Untracked 
|  61|0x0000000086500000, 0x0000000086500000, 0x0000000086600000|  0%| F|  |TAMS 0x0000000086500000| PB 0x0000000086500000| Untracked 
|  62|0x0000000086600000, 0x0000000086600000, 0x0000000086700000|  0%| F|  |TAMS 0x0000000086600000| PB 0x0000000086600000| Untracked 
|  63|0x0000000086700000, 0x0000000086700000, 0x0000000086800000|  0%| F|  |TAMS 0x0000000086700000| PB 0x0000000086700000| Untracked 
|  64|0x0000000086800000, 0x0000000086800000, 0x0000000086900000|  0%| F|  |TAMS 0x0000000086800000| PB 0x0000000086800000| Untracked 
|  65|0x0000000086900000, 0x0000000086900000, 0x0000000086a00000|  0%| F|  |TAMS 0x0000000086900000| PB 0x0000000086900000| Untracked 
|  66|0x0000000086a00000, 0x0000000086a00000, 0x0000000086b00000|  0%| F|  |TAMS 0x0000000086a00000| PB 0x0000000086a00000| Untracked 
|  67|0x0000000086b00000, 0x0000000086b00000, 0x0000000086c00000|  0%| F|  |TAMS 0x0000000086b00000| PB 0x0000000086b00000| Untracked 
|  68|0x0000000086c00000, 0x0000000086c00000, 0x0000000086d00000|  0%| F|  |TAMS 0x0000000086c00000| PB 0x0000000086c00000| Untracked 
|  69|0x0000000086d00000, 0x0000000086d00000, 0x0000000086e00000|  0%| F|  |TAMS 0x0000000086d00000| PB 0x0000000086d00000| Untracked 
|  70|0x0000000086e00000, 0x0000000086e00000, 0x0000000086f00000|  0%| F|  |TAMS 0x0000000086e00000| PB 0x0000000086e00000| Untracked 
|  71|0x0000000086f00000, 0x0000000086f00000, 0x0000000087000000|  0%| F|  |TAMS 0x0000000086f00000| PB 0x0000000086f00000| Untracked 
|  72|0x0000000087000000, 0x0000000087000000, 0x0000000087100000|  0%| F|  |TAMS 0x0000000087000000| PB 0x0000000087000000| Untracked 
|  73|0x0000000087100000, 0x0000000087100000, 0x0000000087200000|  0%| F|  |TAMS 0x0000000087100000| PB 0x0000000087100000| Untracked 
|  74|0x0000000087200000, 0x0000000087200000, 0x0000000087300000|  0%| F|  |TAMS 0x0000000087200000| PB 0x0000000087200000| Untracked 
|  75|0x0000000087300000, 0x0000000087300000, 0x0000000087400000|  0%| F|  |TAMS 0x0000000087300000| PB 0x0000000087300000| Untracked 
|  76|0x0000000087400000, 0x0000000087400000, 0x0000000087500000|  0%| F|  |TAMS 0x0000000087400000| PB 0x0000000087400000| Untracked 
|  77|0x0000000087500000, 0x0000000087500000, 0x0000000087600000|  0%| F|  |TAMS 0x0000000087500000| PB 0x0000000087500000| Untracked 
|  78|0x0000000087600000, 0x0000000087600000, 0x0000000087700000|  0%| F|  |TAMS 0x0000000087600000| PB 0x0000000087600000| Untracked 
|  79|0x0000000087700000, 0x0000000087700000, 0x0000000087800000|  0%| F|  |TAMS 0x0000000087700000| PB 0x0000000087700000| Untracked 
|  80|0x0000000087800000, 0x0000000087800000, 0x0000000087900000|  0%| F|  |TAMS 0x0000000087800000| PB 0x0000000087800000| Untracked 
|  81|0x0000000087900000, 0x0000000087900000, 0x0000000087a00000|  0%| F|  |TAMS 0x0000000087900000| PB 0x0000000087900000| Untracked 
|  82|0x0000000087a00000, 0x0000000087a00000, 0x0000000087b00000|  0%| F|  |TAMS 0x0000000087a00000| PB 0x0000000087a00000| Untracked 
|  83|0x0000000087b00000, 0x0000000087b00000, 0x0000000087c00000|  0%| F|  |TAMS 0x0000000087b00000| PB 0x0000000087b00000| Untracked 
|  84|0x0000000087c00000, 0x0000000087c00000, 0x0000000087d00000|  0%| F|  |TAMS 0x0000000087c00000| PB 0x0000000087c00000| Untracked 
|  85|0x0000000087d00000, 0x0000000087d00000, 0x0000000087e00000|  0%| F|  |TAMS 0x0000000087d00000| PB 0x0000000087d00000| Untracked 
|  86|0x0000000087e00000, 0x0000000087e00000, 0x0000000087f00000|  0%| F|  |TAMS 0x0000000087e00000| PB 0x0000000087e00000| Untracked 
|  87|0x0000000087f00000, 0x0000000087f00000, 0x0000000088000000|  0%| F|  |TAMS 0x0000000087f00000| PB 0x0000000087f00000| Untracked 
|  88|0x0000000088000000, 0x0000000088000000, 0x0000000088100000|  0%| F|  |TAMS 0x0000000088000000| PB 0x0000000088000000| Untracked 
|  89|0x0000000088100000, 0x0000000088100000, 0x0000000088200000|  0%| F|  |TAMS 0x0000000088100000| PB 0x0000000088100000| Untracked 
|  90|0x0000000088200000, 0x0000000088200000, 0x0000000088300000|  0%| F|  |TAMS 0x0000000088200000| PB 0x0000000088200000| Untracked 
|  91|0x0000000088300000, 0x0000000088300000, 0x0000000088400000|  0%| F|  |TAMS 0x0000000088300000| PB 0x0000000088300000| Untracked 
|  92|0x0000000088400000, 0x0000000088400000, 0x0000000088500000|  0%| F|  |TAMS 0x0000000088400000| PB 0x0000000088400000| Untracked 
|  93|0x0000000088500000, 0x0000000088500000, 0x0000000088600000|  0%| F|  |TAMS 0x0000000088500000| PB 0x0000000088500000| Untracked 
|  94|0x0000000088600000, 0x0000000088600000, 0x0000000088700000|  0%| F|  |TAMS 0x0000000088600000| PB 0x0000000088600000| Untracked 
|  95|0x0000000088700000, 0x0000000088700000, 0x0000000088800000|  0%| F|  |TAMS 0x0000000088700000| PB 0x0000000088700000| Untracked 
|  96|0x0000000088800000, 0x0000000088800000, 0x0000000088900000|  0%| F|  |TAMS 0x0000000088800000| PB 0x0000000088800000| Untracked 
|  97|0x0000000088900000, 0x0000000088900000, 0x0000000088a00000|  0%| F|  |TAMS 0x0000000088900000| PB 0x0000000088900000| Untracked 
|  98|0x0000000088a00000, 0x0000000088a00000, 0x0000000088b00000|  0%| F|  |TAMS 0x0000000088a00000| PB 0x0000000088a00000| Untracked 
|  99|0x0000000088b00000, 0x0000000088b00000, 0x0000000088c00000|  0%| F|  |TAMS 0x0000000088b00000| PB 0x0000000088b00000| Untracked 
| 100|0x0000000088c00000, 0x0000000088c00000, 0x0000000088d00000|  0%| F|  |TAMS 0x0000000088c00000| PB 0x0000000088c00000| Untracked 
| 101|0x0000000088d00000, 0x0000000088d00000, 0x0000000088e00000|  0%| F|  |TAMS 0x0000000088d00000| PB 0x0000000088d00000| Untracked 
| 102|0x0000000088e00000, 0x0000000088e00000, 0x0000000088f00000|  0%| F|  |TAMS 0x0000000088e00000| PB 0x0000000088e00000| Untracked 
| 103|0x0000000088f00000, 0x0000000088f00000, 0x0000000089000000|  0%| F|  |TAMS 0x0000000088f00000| PB 0x0000000088f00000| Untracked 
| 104|0x0000000089000000, 0x0000000089000000, 0x0000000089100000|  0%| F|  |TAMS 0x0000000089000000| PB 0x0000000089000000| Untracked 
| 105|0x0000000089100000, 0x0000000089100000, 0x0000000089200000|  0%| F|  |TAMS 0x0000000089100000| PB 0x0000000089100000| Untracked 
| 106|0x0000000089200000, 0x0000000089200000, 0x0000000089300000|  0%| F|  |TAMS 0x0000000089200000| PB 0x0000000089200000| Untracked 
| 107|0x0000000089300000, 0x0000000089300000, 0x0000000089400000|  0%| F|  |TAMS 0x0000000089300000| PB 0x0000000089300000| Untracked 
| 108|0x0000000089400000, 0x0000000089400000, 0x0000000089500000|  0%| F|  |TAMS 0x0000000089400000| PB 0x0000000089400000| Untracked 
| 109|0x0000000089500000, 0x0000000089500000, 0x0000000089600000|  0%| F|  |TAMS 0x0000000089500000| PB 0x0000000089500000| Untracked 
| 110|0x0000000089600000, 0x0000000089600000, 0x0000000089700000|  0%| F|  |TAMS 0x0000000089600000| PB 0x0000000089600000| Untracked 
| 111|0x0000000089700000, 0x0000000089800000, 0x0000000089800000|100%| S|CS|TAMS 0x0000000089700000| PB 0x0000000089700000| Complete 
| 112|0x0000000089800000, 0x0000000089900000, 0x0000000089900000|100%| S|CS|TAMS 0x0000000089800000| PB 0x0000000089800000| Complete 
| 113|0x0000000089900000, 0x0000000089900000, 0x0000000089a00000|  0%| F|  |TAMS 0x0000000089900000| PB 0x0000000089900000| Untracked 
| 114|0x0000000089a00000, 0x0000000089a00000, 0x0000000089b00000|  0%| F|  |TAMS 0x0000000089a00000| PB 0x0000000089a00000| Untracked 
| 115|0x0000000089b00000, 0x0000000089b00000, 0x0000000089c00000|  0%| F|  |TAMS 0x0000000089b00000| PB 0x0000000089b00000| Untracked 
| 116|0x0000000089c00000, 0x0000000089c00000, 0x0000000089d00000|  0%| F|  |TAMS 0x0000000089c00000| PB 0x0000000089c00000| Untracked 
| 117|0x0000000089d00000, 0x0000000089d00000, 0x0000000089e00000|  0%| F|  |TAMS 0x0000000089d00000| PB 0x0000000089d00000| Untracked 
| 118|0x0000000089e00000, 0x0000000089e00000, 0x0000000089f00000|  0%| F|  |TAMS 0x0000000089e00000| PB 0x0000000089e00000| Untracked 
| 119|0x0000000089f00000, 0x0000000089f00000, 0x000000008a000000|  0%| F|  |TAMS 0x0000000089f00000| PB 0x0000000089f00000| Untracked 
| 120|0x000000008a000000, 0x000000008a000000, 0x000000008a100000|  0%| F|  |TAMS 0x000000008a000000| PB 0x000000008a000000| Untracked 
| 121|0x000000008a100000, 0x000000008a100000, 0x000000008a200000|  0%| F|  |TAMS 0x000000008a100000| PB 0x000000008a100000| Untracked 
| 122|0x000000008a200000, 0x000000008a200000, 0x000000008a300000|  0%| F|  |TAMS 0x000000008a200000| PB 0x000000008a200000| Untracked 
| 123|0x000000008a300000, 0x000000008a300000, 0x000000008a400000|  0%| F|  |TAMS 0x000000008a300000| PB 0x000000008a300000| Untracked 
| 124|0x000000008a400000, 0x000000008a4ecf38, 0x000000008a500000| 92%| E|  |TAMS 0x000000008a400000| PB 0x000000008a400000| Complete 
| 125|0x000000008a500000, 0x000000008a600000, 0x000000008a600000|100%| E|CS|TAMS 0x000000008a500000| PB 0x000000008a500000| Complete 

Card table byte_map: [0x00000197d9ea0000,0x00000197da290000] _byte_map_base: 0x00000197d9a8c000

Marking Bits: (CMBitMap*) 0x00000197c6b7f310
 Bits: [0x00000197da290000, 0x00000197dc1f0000)

Polling page: 0x00000197c4920000

Metaspace:

Usage:
  Non-class:      7.64 MB used.
      Class:   1014.68 KB used.
       Both:      8.63 MB used.

Virtual space:
  Non-class space:       64.00 MB reserved,       7.81 MB ( 12%) committed,  1 nodes.
      Class space:        1.00 GB reserved,       1.12 MB ( <1%) committed,  1 nodes.
             Both:        1.06 GB reserved,       8.94 MB ( <1%) committed. 

Chunk freelists:
   Non-Class:  8.11 MB
       Class:  14.73 MB
        Both:  22.84 MB

MaxMetaspaceSize: unlimited
CompressedClassSpaceSize: 1.00 GB
Initial GC threshold: 21.00 MB
Current GC threshold: 21.00 MB
CDS: on
 - commit_granule_bytes: 65536.
 - commit_granule_words: 8192.
 - virtual_space_node_default_size: 8388608.
 - enlarge_chunks_in_place: 1.
 - use_allocation_guard: 0.


Internal statistics:

num_allocs_failed_limit: 0.
num_arena_births: 230.
num_arena_deaths: 0.
num_vsnodes_births: 2.
num_vsnodes_deaths: 0.
num_space_committed: 143.
num_space_uncommitted: 0.
num_chunks_returned_to_freelist: 0.
num_chunks_taken_from_freelist: 380.
num_chunk_merges: 0.
num_chunk_splits: 226.
num_chunks_enlarged: 107.
num_inconsistent_stats: 0.

CodeHeap 'non-profiled nmethods': size=120000Kb used=403Kb max_used=403Kb free=119596Kb
 bounds [0x00000197d2580000, 0x00000197d27f0000, 0x00000197d9ab0000]
CodeHeap 'profiled nmethods': size=120000Kb used=1773Kb max_used=1773Kb free=118226Kb
 bounds [0x00000197caab0000, 0x00000197cad20000, 0x00000197d1fe0000]
CodeHeap 'non-nmethods': size=5760Kb used=1431Kb max_used=1457Kb free=4328Kb
 bounds [0x00000197d1fe0000, 0x00000197d2250000, 0x00000197d2580000]
 total_blobs=1657 nmethods=1142 adapters=420
 compilation: enabled
              stopped_count=0, restarted_count=0
 full_count=0

Compilation events (20 events):
Event: 1.004 Thread 0x00000197de6c88a0 1117       3       sun.security.util.math.intpoly.IntegerPolynomial25519::carryReduce (391 bytes)
Event: 1.004 Thread 0x00000197de6c88a0 nmethod 1117 0x00000197cac5c310 code [0x00000197cac5c4c0, 0x00000197cac5c920]
Event: 1.006 Thread 0x00000197de6c88a0 1119       3       jdk.internal.misc.Unsafe::putIntUnaligned (79 bytes)
Event: 1.007 Thread 0x00000197de6c88a0 nmethod 1119 0x00000197cac5cb10 code [0x00000197cac5cce0, 0x00000197cac5d070]
Event: 1.007 Thread 0x00000197de6c88a0 1120       3       java.lang.String::encode (48 bytes)
Event: 1.007 Thread 0x00000197de6c88a0 nmethod 1120 0x00000197cac5d190 code [0x00000197cac5d3a0, 0x00000197cac5d6e8]
Event: 1.007 Thread 0x00000197de6c88a0 1121       3       java.lang.String::encodeUTF8 (141 bytes)
Event: 1.008 Thread 0x00000197de6c88a0 nmethod 1121 0x00000197cac5d810 code [0x00000197cac5da60, 0x00000197cac5e160]
Event: 1.008 Thread 0x00000197de6c88a0 1122       3       jdk.internal.misc.Unsafe::putIntUnaligned (14 bytes)
Event: 1.008 Thread 0x00000197de6c88a0 nmethod 1122 0x00000197cac5e410 code [0x00000197cac5e5c0, 0x00000197cac5e800]
Event: 1.009 Thread 0x00000197de6c88a0 1123       3       java.lang.String::getBytes (15 bytes)
Event: 1.009 Thread 0x00000197de6c88a0 nmethod 1123 0x00000197cac5e910 code [0x00000197cac5eae0, 0x00000197cac5ecf0]
Event: 1.009 Thread 0x00000197de6c88a0 1124   !   3       java.nio.charset.Charset::defaultCharset (52 bytes)
Event: 1.009 Thread 0x00000197de6c88a0 nmethod 1124 0x00000197cac5ee10 code [0x00000197cac5efa0, 0x00000197cac5f0a8]
Event: 1.011 Thread 0x00000197de6c88a0 1125       3       sun.security.provider.SHA2::implCompress0 (448 bytes)
Event: 1.012 Thread 0x00000197de6c88a0 nmethod 1125 0x00000197cac5f110 code [0x00000197cac5f360, 0x00000197cac5ff50]
Event: 1.013 Thread 0x00000197de6c88a0 1126       3       java.lang.Thread::onSpinWait (1 bytes)
Event: 1.013 Thread 0x00000197de6c88a0 nmethod 1126 0x00000197cac60690 code [0x00000197cac60820, 0x00000197cac60908]
Event: 1.018 Thread 0x00000197de6c88a0 1128       3       java.lang.invoke.MethodType::erase (8 bytes)
Event: 1.018 Thread 0x00000197de6c88a0 nmethod 1128 0x00000197cac60990 code [0x00000197cac60b20, 0x00000197cac60c50]

GC Heap History (2 events):
Event: 0.782 GC heap before
{Heap before GC invocations=0 (full 0):
 garbage-first heap   total 129024K, used 12288K [0x0000000082800000, 0x0000000100000000)
  region size 1024K, 13 young (13312K), 0 survivors (0K)
 Metaspace       used 7931K, committed 8192K, reserved 1114112K
  class space    used 908K, committed 1024K, reserved 1048576K
}
Event: 0.802 GC heap after
{Heap after GC invocations=1 (full 0):
 garbage-first heap   total 129024K, used 2435K [0x0000000082800000, 0x0000000100000000)
  region size 1024K, 2 young (2048K), 2 survivors (2048K)
 Metaspace       used 7931K, committed 8192K, reserved 1114112K
  class space    used 908K, committed 1024K, reserved 1048576K
}

Dll operation events (2 events):
Event: 0.006 Loaded shared library D:\Kuliah\semester 4\web lanjut\PhpStorm 2024.3.3\jbr\bin\java.dll
Event: 0.071 Loaded shared library D:\Kuliah\semester 4\web lanjut\PhpStorm 2024.3.3\jbr\bin\zip.dll

Deoptimization events (20 events):
Event: 1.003 Thread 0x00000197e308f320 Uncommon trap: trap_request=0xffffff66 fr.pc=0x00000197d25db214 relative=0x0000000000000334
Event: 1.003 Thread 0x00000197e308f320 Uncommon trap: reason=speculate_class_check action=maybe_recompile pc=0x00000197d25db214 method=sun.security.util.math.intpoly.IntegerPolynomial.multByInt([JJ)V @ 26 c2
Event: 1.003 Thread 0x00000197e308f320 DEOPT PACKING pc=0x00000197d25db214 sp=0x00000051525fe770
Event: 1.003 Thread 0x00000197e308f320 DEOPT UNPACKING pc=0x00000197d20346a2 sp=0x00000051525fe6b0 mode 2
Event: 1.003 Thread 0x00000197e308f320 Uncommon trap: trap_request=0xffffffde fr.pc=0x00000197d25d78c0 relative=0x0000000000000280
Event: 1.003 Thread 0x00000197e308f320 Uncommon trap: reason=class_check action=maybe_recompile pc=0x00000197d25d78c0 method=sun.security.util.math.intpoly.IntegerPolynomial.multByInt([JJ)V @ 26 c2
Event: 1.003 Thread 0x00000197e308f320 DEOPT PACKING pc=0x00000197d25d78c0 sp=0x00000051525fe6e0
Event: 1.003 Thread 0x00000197e308f320 DEOPT UNPACKING pc=0x00000197d20346a2 sp=0x00000051525fe6b0 mode 2
Event: 1.003 Thread 0x00000197e308f320 Uncommon trap: trap_request=0xffffffde fr.pc=0x00000197d25d78c0 relative=0x0000000000000280
Event: 1.003 Thread 0x00000197e308f320 Uncommon trap: reason=class_check action=maybe_recompile pc=0x00000197d25d78c0 method=sun.security.util.math.intpoly.IntegerPolynomial.multByInt([JJ)V @ 26 c2
Event: 1.003 Thread 0x00000197e308f320 DEOPT PACKING pc=0x00000197d25d78c0 sp=0x00000051525fe6e0
Event: 1.003 Thread 0x00000197e308f320 DEOPT UNPACKING pc=0x00000197d20346a2 sp=0x00000051525fe6b0 mode 2
Event: 1.003 Thread 0x00000197e308f320 Uncommon trap: trap_request=0xffffffde fr.pc=0x00000197d25d78c0 relative=0x0000000000000280
Event: 1.003 Thread 0x00000197e308f320 Uncommon trap: reason=class_check action=maybe_recompile pc=0x00000197d25d78c0 method=sun.security.util.math.intpoly.IntegerPolynomial.multByInt([JJ)V @ 26 c2
Event: 1.003 Thread 0x00000197e308f320 DEOPT PACKING pc=0x00000197d25d78c0 sp=0x00000051525fe6e0
Event: 1.003 Thread 0x00000197e308f320 DEOPT UNPACKING pc=0x00000197d20346a2 sp=0x00000051525fe6b0 mode 2
Event: 1.003 Thread 0x00000197e308f320 Uncommon trap: trap_request=0xffffffde fr.pc=0x00000197d25d78c0 relative=0x0000000000000280
Event: 1.003 Thread 0x00000197e308f320 Uncommon trap: reason=class_check action=maybe_recompile pc=0x00000197d25d78c0 method=sun.security.util.math.intpoly.IntegerPolynomial.multByInt([JJ)V @ 26 c2
Event: 1.003 Thread 0x00000197e308f320 DEOPT PACKING pc=0x00000197d25d78c0 sp=0x00000051525fe6e0
Event: 1.003 Thread 0x00000197e308f320 DEOPT UNPACKING pc=0x00000197d20346a2 sp=0x00000051525fe6b0 mode 2

Classes loaded (20 events):
Event: 1.017 Loading class com/sun/crypto/provider/GaloisCounterMode$DecryptOp done
Event: 1.019 Loading class sun/security/ssl/EncryptedExtensions$EncryptedExtensionsMessage
Event: 1.019 Loading class sun/security/ssl/EncryptedExtensions$EncryptedExtensionsMessage done
Event: 1.019 Loading class sun/security/ssl/CertificateMessage$T13CertificateMessage
Event: 1.019 Loading class sun/security/ssl/CertificateMessage$T13CertificateMessage done
Event: 1.019 Loading class sun/security/ssl/CertificateMessage$CertificateEntry
Event: 1.019 Loading class sun/security/ssl/CertificateMessage$CertificateEntry done
Event: 1.019 Loading class java/security/cert/X509Certificate
Event: 1.019 Loading class java/security/cert/X509Extension
Event: 1.020 Loading class java/security/cert/X509Extension done
Event: 1.020 Loading class java/security/cert/X509Certificate done
Event: 1.020 Loading class java/security/cert/CertificateFactory
Event: 1.020 Loading class java/security/cert/CertificateFactory done
Event: 1.020 Loading class java/security/cert/CertificateFactorySpi
Event: 1.020 Loading class java/security/cert/CertificateFactorySpi done
Event: 1.020 Loading class sun/security/provider/X509Factory
Event: 1.020 Loading class sun/security/provider/X509Factory done
Event: 1.020 Loading class sun/security/util/Cache$EqualByteArray
Event: 1.020 Loading class sun/security/util/Cache$EqualByteArray done
Event: 1.020 Loading class sun/security/x509/X509CertImpl

Classes unloaded (0 events):
No events

Classes redefined (0 events):
No events

Internal exceptions (20 events):
Event: 0.376 Thread 0x00000197c6b2b0e0 Exception <a 'java/lang/NoSuchMethodError'{0x000000008a0bb068}: 'int java.lang.invoke.DirectMethodHandle$Holder.invokeStaticInit(java.lang.Object, long, long)'> (0x000000008a0bb068) 
thrown [s\src\hotspot\share\interpreter\linkResolver.cpp, line 784]
Event: 0.377 Thread 0x00000197c6b2b0e0 Exception <a 'java/lang/NoSuchMethodError'{0x000000008a0c1b00}: 'int java.lang.invoke.DirectMethodHandle$Holder.invokeStaticInit(java.lang.Object, float, float)'> (0x000000008a0c1b00) 
thrown [s\src\hotspot\share\interpreter\linkResolver.cpp, line 784]
Event: 0.378 Thread 0x00000197c6b2b0e0 Exception <a 'java/lang/NoSuchMethodError'{0x000000008a0c8590}: 'int java.lang.invoke.DirectMethodHandle$Holder.invokeStaticInit(java.lang.Object, double, double)'> (0x000000008a0c8590) 
thrown [s\src\hotspot\share\interpreter\linkResolver.cpp, line 784]
Event: 0.378 Thread 0x00000197c6b2b0e0 Exception <a 'java/lang/NoSuchMethodError'{0x000000008a0ccc18}: 'int java.lang.invoke.DirectMethodHandle$Holder.invokeStatic(java.lang.Object, long)'> (0x000000008a0ccc18) 
thrown [s\src\hotspot\share\interpreter\linkResolver.cpp, line 784]
Event: 0.400 Thread 0x00000197c6b2b0e0 Exception <a 'java/lang/NoSuchMethodError'{0x000000008a0f69d8}: 'java.lang.Object java.lang.invoke.DirectMethodHandle$Holder.invokeSpecial(java.lang.Object, java.lang.Object, int, java.lang.Object, java.lang.Object)'> (0x000000008a0f69d8) 
thrown [s\src\hotspot\share\interpreter\linkResolver.cpp, line 784]
Event: 0.400 Thread 0x00000197c6b2b0e0 Exception <a 'java/lang/NoSuchMethodError'{0x000000008a0fa368}: 'java.lang.Object java.lang.invoke.DelegatingMethodHandle$Holder.delegate(java.lang.Object, int, java.lang.Object, java.lang.Object)'> (0x000000008a0fa368) 
thrown [s\src\hotspot\share\interpreter\linkResolver.cpp, line 784]
Event: 0.403 Thread 0x00000197c6b2b0e0 Exception <a 'java/lang/NoSuchMethodError'{0x0000000089f09910}: 'int java.lang.invoke.Invokers$Holder.linkToTargetMethod(java.lang.Object, java.lang.Object, java.lang.Object)'> (0x0000000089f09910) 
thrown [s\src\hotspot\share\interpreter\linkResolver.cpp, line 784]
Event: 0.410 Thread 0x00000197c6b2b0e0 Exception <a 'java/lang/NoSuchMethodError'{0x0000000089f3b5b8}: 'long java.lang.invoke.DirectMethodHandle$Holder.invokeSpecial(java.lang.Object, java.lang.Object)'> (0x0000000089f3b5b8) 
thrown [s\src\hotspot\share\interpreter\linkResolver.cpp, line 784]
Event: 0.413 Thread 0x00000197c6b2b0e0 Exception <a 'java/lang/NoSuchMethodError'{0x0000000089f41e88}: 'int java.lang.invoke.DirectMethodHandle$Holder.invokeStatic(java.lang.Object, java.lang.Object, java.lang.Object, java.lang.Object)'> (0x0000000089f41e88) 
thrown [s\src\hotspot\share\interpreter\linkResolver.cpp, line 784]
Event: 0.413 Thread 0x00000197c6b2b0e0 Exception <a 'java/lang/NoSuchMethodError'{0x0000000089f457d8}: 'java.lang.Object java.lang.invoke.Invokers$Holder.invokeExact_MT(java.lang.Object, java.lang.Object, java.lang.Object, java.lang.Object, java.lang.Object, java.lang.Object)'> (0x0000000089f457d8) 
thrown [s\src\hotspot\share\interpreter\linkResolver.cpp, line 784]
Event: 0.532 Thread 0x00000197c6b2b0e0 Exception <a 'java/lang/NoSuchMethodError'{0x0000000089da6210}: 'java.lang.Object java.lang.invoke.DirectMethodHandle$Holder.newInvokeSpecial(java.lang.Object, java.lang.Object, java.lang.Object, java.lang.Object, java.lang.Object)'> (0x0000000089da6210) 
thrown [s\src\hotspot\share\interpreter\linkResolver.cpp, line 784]
Event: 0.585 Thread 0x00000197c6b2b0e0 Exception <a 'java/lang/NoSuchMethodError'{0x0000000089b2de50}: 'java.lang.Object java.lang.invoke.DirectMethodHandle$Holder.invokeSpecial(java.lang.Object, java.lang.Object, java.lang.Object, java.lang.Object, int)'> (0x0000000089b2de50) 
thrown [s\src\hotspot\share\interpreter\linkResolver.cpp, line 784]
Event: 0.585 Thread 0x00000197c6b2b0e0 Exception <a 'java/lang/NoSuchMethodError'{0x0000000089b317b8}: 'java.lang.Object java.lang.invoke.Invokers$Holder.linkToTargetMethod(java.lang.Object, java.lang.Object, int, java.lang.Object)'> (0x0000000089b317b8) 
thrown [s\src\hotspot\share\interpreter\linkResolver.cpp, line 784]
Event: 0.596 Thread 0x00000197c6b2b0e0 Exception <a 'java/lang/NoSuchMethodError'{0x0000000089b60038}: 'void java.lang.invoke.DirectMethodHandle$Holder.invokeSpecial(java.lang.Object, java.lang.Object, java.lang.Object)'> (0x0000000089b60038) 
thrown [s\src\hotspot\share\interpreter\linkResolver.cpp, line 784]
Event: 0.621 Thread 0x00000197e3044000 Exception <a 'java/lang/NoSuchMethodError'{0x0000000089d67830}: 'void java.lang.invoke.DirectMethodHandle$Holder.invokeStatic(java.lang.Object, java.lang.Object, int)'> (0x0000000089d67830) 
thrown [s\src\hotspot\share\interpreter\linkResolver.cpp, line 784]
Event: 0.624 Thread 0x00000197c6b2b0e0 Exception <a 'java/lang/NoSuchMethodError'{0x0000000089bf0150}: 'void java.lang.invoke.DirectMethodHandle$Holder.invokeSpecial(java.lang.Object, java.lang.Object, java.lang.Object, java.lang.Object, java.lang.Object)'> (0x0000000089bf0150) 
thrown [s\src\hotspot\share\interpreter\linkResolver.cpp, line 784]
Event: 0.630 Thread 0x00000197e3044000 Exception <a 'java/lang/NoSuchMethodError'{0x0000000089a187d8}: 'void java.lang.invoke.DirectMethodHandle$Holder.invokeStatic(java.lang.Object, java.lang.Object)'> (0x0000000089a187d8) 
thrown [s\src\hotspot\share\interpreter\linkResolver.cpp, line 784]
Event: 0.690 Thread 0x00000197e308ecc0 Exception <a 'java/lang/NoSuchMethodError'{0x0000000089aa93c0}: 'void java.lang.invoke.DirectMethodHandle$Holder.invokeInterface(java.lang.Object, java.lang.Object, java.lang.Object)'> (0x0000000089aa93c0) 
thrown [s\src\hotspot\share\interpreter\linkResolver.cpp, line 784]
Event: 0.699 Thread 0x00000197e308ecc0 Exception <a 'java/lang/NoSuchMethodError'{0x0000000089af85b0}: 'void java.lang.invoke.DirectMethodHandle$Holder.invokeVirtual(java.lang.Object, java.lang.Object)'> (0x0000000089af85b0) 
thrown [s\src\hotspot\share\interpreter\linkResolver.cpp, line 784]
Event: 0.995 Thread 0x00000197e308f320 Exception <a 'java/lang/NoSuchMethodError'{0x000000008a547110}: 'void java.lang.invoke.DirectMethodHandle$Holder.invokeInterface(java.lang.Object, java.lang.Object)'> (0x000000008a547110) 
thrown [s\src\hotspot\share\interpreter\linkResolver.cpp, line 784]

ZGC Phase Switch (0 events):
No events

VM Operations (10 events):
Event: 0.090 Executing VM operation: HandshakeAllThreads (Deoptimize)
Event: 0.090 Executing VM operation: HandshakeAllThreads (Deoptimize) done
Event: 0.100 Executing VM operation: HandshakeAllThreads (Deoptimize)
Event: 0.100 Executing VM operation: HandshakeAllThreads (Deoptimize) done
Event: 0.281 Executing VM operation: HandshakeAllThreads (Deoptimize)
Event: 0.281 Executing VM operation: HandshakeAllThreads (Deoptimize) done
Event: 0.624 Executing VM operation: HandshakeAllThreads (Deoptimize)
Event: 0.624 Executing VM operation: HandshakeAllThreads (Deoptimize) done
Event: 0.782 Executing VM operation: G1CollectForAllocation (G1 Evacuation Pause)
Event: 0.802 Executing VM operation: G1CollectForAllocation (G1 Evacuation Pause) done

Memory protections (0 events):
No events

Nmethod flushes (0 events):
No events

Events (20 events):
Event: 0.039 Thread 0x00000197c6b2b0e0 Thread added: 0x00000197de6bd3f0
Event: 0.039 Thread 0x00000197c6b2b0e0 Thread added: 0x00000197de6befb0
Event: 0.040 Thread 0x00000197c6b2b0e0 Thread added: 0x00000197de6c0a10
Event: 0.040 Thread 0x00000197c6b2b0e0 Thread added: 0x00000197de6c1460
Event: 0.040 Thread 0x00000197c6b2b0e0 Thread added: 0x00000197de6c1eb0
Event: 0.040 Thread 0x00000197c6b2b0e0 Thread added: 0x00000197de6c2900
Event: 0.040 Thread 0x00000197c6b2b0e0 Thread added: 0x00000197de6c3df0
Event: 0.040 Thread 0x00000197c6b2b0e0 Thread added: 0x00000197de6c88a0
Event: 0.069 Thread 0x00000197c6b2b0e0 Thread added: 0x00000197de93a4b0
Event: 0.073 Thread 0x00000197c6b2b0e0 Thread added: 0x00000197de93c500
Event: 0.079 Loaded shared library D:\Kuliah\semester 4\web lanjut\PhpStorm 2024.3.3\jbr\bin\net.dll
Event: 0.081 Loaded shared library D:\Kuliah\semester 4\web lanjut\PhpStorm 2024.3.3\jbr\bin\nio.dll
Event: 0.086 Loaded shared library D:\Kuliah\semester 4\web lanjut\PhpStorm 2024.3.3\jbr\bin\zip.dll
Event: 0.162 Loaded shared library D:\Kuliah\semester 4\web lanjut\PhpStorm 2024.3.3\jbr\bin\jimage.dll
Event: 0.470 Loaded shared library D:\Kuliah\semester 4\web lanjut\PhpStorm 2024.3.3\jbr\bin\sunmscapi.dll
Event: 0.515 Loaded shared library D:\Kuliah\semester 4\web lanjut\PhpStorm 2024.3.3\jbr\bin\extnet.dll
Event: 0.523 Thread 0x00000197c6b2b0e0 Thread added: 0x00000197e3044000
Event: 0.629 Thread 0x00000197e3044000 Thread added: 0x00000197e308ecc0
Event: 0.710 Thread 0x00000197e3044000 Thread added: 0x00000197e308f320
Event: 0.806 Thread 0x00000197de6c88a0 Thread added: 0x00000197e30cf660


Dynamic libraries:
0x00007ff7b83a0000 - 0x00007ff7b83aa000 	D:\Kuliah\semester 4\web lanjut\PhpStorm 2024.3.3\jbr\bin\java.exe
0x00007ffed2170000 - 0x00007ffed2368000 	C:\WINDOWS\SYSTEM32\ntdll.dll
0x00007ffed0d90000 - 0x00007ffed0e52000 	C:\WINDOWS\System32\KERNEL32.DLL
0x00007ffecfbb0000 - 0x00007ffecfeaf000 	C:\WINDOWS\System32\KERNELBASE.dll
0x00007ffecf810000 - 0x00007ffecf910000 	C:\WINDOWS\System32\ucrtbase.dll
0x00007ffeb8120000 - 0x00007ffeb813b000 	D:\Kuliah\semester 4\web lanjut\PhpStorm 2024.3.3\jbr\bin\VCRUNTIME140.dll
0x00007ffebdaa0000 - 0x00007ffebdab8000 	D:\Kuliah\semester 4\web lanjut\PhpStorm 2024.3.3\jbr\bin\jli.dll
0x00007ffed0f30000 - 0x00007ffed10cd000 	C:\WINDOWS\System32\USER32.dll
0x00007ffed00c0000 - 0x00007ffed00e2000 	C:\WINDOWS\System32\win32u.dll
0x00007ffebe3d0000 - 0x00007ffebe66a000 	C:\WINDOWS\WinSxS\amd64_microsoft.windows.common-controls_6595b64144ccf1df_6.0.19041.4355_none_60b8b9eb71f62e16\COMCTL32.dll
0x00007ffed1750000 - 0x00007ffed177b000 	C:\WINDOWS\System32\GDI32.dll
0x00007ffed17a0000 - 0x00007ffed183e000 	C:\WINDOWS\System32\msvcrt.dll
0x00007ffecf910000 - 0x00007ffecfa2a000 	C:\WINDOWS\System32\gdi32full.dll
0x00007ffed00f0000 - 0x00007ffed018d000 	C:\WINDOWS\System32\msvcp_win.dll
0x00007ffed2100000 - 0x00007ffed212f000 	C:\WINDOWS\System32\IMM32.DLL
0x00007ffec8530000 - 0x00007ffec853c000 	D:\Kuliah\semester 4\web lanjut\PhpStorm 2024.3.3\jbr\bin\vcruntime140_1.dll
0x00007ffe8c560000 - 0x00007ffe8c5ed000 	D:\Kuliah\semester 4\web lanjut\PhpStorm 2024.3.3\jbr\bin\msvcp140.dll
0x00007ffe66900000 - 0x00007ffe676c1000 	D:\Kuliah\semester 4\web lanjut\PhpStorm 2024.3.3\jbr\bin\server\jvm.dll
0x00007ffed0330000 - 0x00007ffed03df000 	C:\WINDOWS\System32\ADVAPI32.dll
0x00007ffed0cf0000 - 0x00007ffed0d8f000 	C:\WINDOWS\System32\sechost.dll
0x00007ffed08f0000 - 0x00007ffed0a13000 	C:\WINDOWS\System32\RPCRT4.dll
0x00007ffecfa80000 - 0x00007ffecfaa7000 	C:\WINDOWS\System32\bcrypt.dll
0x00007ffed1840000 - 0x00007ffed18ab000 	C:\WINDOWS\System32\WS2_32.dll
0x00007ffecf5c0000 - 0x00007ffecf60b000 	C:\WINDOWS\SYSTEM32\POWRPROF.dll
0x00007ffecdf80000 - 0x00007ffecdf8a000 	C:\WINDOWS\SYSTEM32\VERSION.dll
0x00007ffebcd30000 - 0x00007ffebcd57000 	C:\WINDOWS\SYSTEM32\WINMM.dll
0x00007ffecf5a0000 - 0x00007ffecf5b2000 	C:\WINDOWS\SYSTEM32\UMPDC.dll
0x00007ffece080000 - 0x00007ffece092000 	C:\WINDOWS\SYSTEM32\kernel.appcore.dll
0x00007ffec5980000 - 0x00007ffec598a000 	D:\Kuliah\semester 4\web lanjut\PhpStorm 2024.3.3\jbr\bin\jimage.dll
0x00007ffecc7d0000 - 0x00007ffecc9b4000 	C:\WINDOWS\SYSTEM32\DBGHELP.DLL
0x00007ffeac6f0000 - 0x00007ffeac724000 	C:\WINDOWS\SYSTEM32\dbgcore.DLL
0x00007ffecfab0000 - 0x00007ffecfb32000 	C:\WINDOWS\System32\bcryptPrimitives.dll
0x00007ffeb28a0000 - 0x00007ffeb28c0000 	D:\Kuliah\semester 4\web lanjut\PhpStorm 2024.3.3\jbr\bin\java.dll
0x00007ffed1930000 - 0x00007ffed209d000 	C:\WINDOWS\System32\SHELL32.dll
0x00007ffecd5b0000 - 0x00007ffecdd54000 	C:\WINDOWS\SYSTEM32\windows.storage.dll
0x00007ffed12e0000 - 0x00007ffed1635000 	C:\WINDOWS\System32\combase.dll
0x00007ffecf1d0000 - 0x00007ffecf1ff000 	C:\WINDOWS\SYSTEM32\Wldp.dll
0x00007ffed0e60000 - 0x00007ffed0f2d000 	C:\WINDOWS\System32\OLEAUT32.dll
0x00007ffed0a30000 - 0x00007ffed0add000 	C:\WINDOWS\System32\SHCORE.dll
0x00007ffed10d0000 - 0x00007ffed1125000 	C:\WINDOWS\System32\shlwapi.dll
0x00007ffecf740000 - 0x00007ffecf764000 	C:\WINDOWS\SYSTEM32\profapi.dll
0x00007ffeb2700000 - 0x00007ffeb2718000 	D:\Kuliah\semester 4\web lanjut\PhpStorm 2024.3.3\jbr\bin\zip.dll
0x00007ffebd9d0000 - 0x00007ffebd9e0000 	D:\Kuliah\semester 4\web lanjut\PhpStorm 2024.3.3\jbr\bin\net.dll
0x00007ffecdd70000 - 0x00007ffecde7a000 	C:\WINDOWS\SYSTEM32\WINHTTP.dll
0x00007ffeceed0000 - 0x00007ffecef3c000 	C:\WINDOWS\system32\mswsock.dll
0x00007ffeac9e0000 - 0x00007ffeac9f6000 	D:\Kuliah\semester 4\web lanjut\PhpStorm 2024.3.3\jbr\bin\nio.dll
0x00007ffecf130000 - 0x00007ffecf148000 	C:\WINDOWS\SYSTEM32\CRYPTSP.dll
0x00007ffece7f0000 - 0x00007ffece824000 	C:\WINDOWS\system32\rsaenh.dll
0x00007ffecf6c0000 - 0x00007ffecf6ee000 	C:\WINDOWS\SYSTEM32\USERENV.dll
0x00007ffecf120000 - 0x00007ffecf12c000 	C:\WINDOWS\SYSTEM32\CRYPTBASE.dll
0x00007ffecebb0000 - 0x00007ffecebeb000 	C:\WINDOWS\SYSTEM32\IPHLPAPI.DLL
0x00007ffed0190000 - 0x00007ffed0198000 	C:\WINDOWS\System32\NSI.dll
0x00007ffebcc00000 - 0x00007ffebcc0e000 	D:\Kuliah\semester 4\web lanjut\PhpStorm 2024.3.3\jbr\bin\sunmscapi.dll
0x00007ffecff60000 - 0x00007ffed00bc000 	C:\WINDOWS\System32\CRYPT32.dll
0x00007ffecf240000 - 0x00007ffecf267000 	C:\WINDOWS\SYSTEM32\ncrypt.dll
0x00007ffecf200000 - 0x00007ffecf23b000 	C:\WINDOWS\SYSTEM32\NTASN1.dll
0x00007ffeac9d0000 - 0x00007ffeac9d7000 	C:\WINDOWS\system32\wshunix.dll
0x00007ffeac9b0000 - 0x00007ffeac9b9000 	D:\Kuliah\semester 4\web lanjut\PhpStorm 2024.3.3\jbr\bin\extnet.dll

dbghelp: loaded successfully - version: 4.0.5 - missing functions: none
symbol engine: initialized successfully - sym options: 0x614 - pdb path: .;D:\Kuliah\semester 4\web lanjut\PhpStorm 2024.3.3\jbr\bin;C:\WINDOWS\SYSTEM32;C:\WINDOWS\WinSxS\amd64_microsoft.windows.common-controls_6595b64144ccf1df_6.0.19041.4355_none_60b8b9eb71f62e16;D:\Kuliah\semester 4\web lanjut\PhpStorm 2024.3.3\jbr\bin\server

VM Arguments:
java_command: git4idea.http.GitAskPassApp Username for 'https://github.com': 
java_class_path (initial): D:/Kuliah/semester 4/web lanjut/PhpStorm 2024.3.3/plugins/vcs-git/lib/git4idea-rt.jar;D:/Kuliah/semester 4/web lanjut/PhpStorm 2024.3.3/lib/externalProcess-rt.jar
Launcher Type: SUN_STANDARD

[Global flags]
     intx CICompilerCount                          = 3                                         {product} {ergonomic}
     uint ConcGCThreads                            = 1                                         {product} {ergonomic}
     uint G1ConcRefinementThreads                  = 4                                         {product} {ergonomic}
   size_t G1HeapRegionSize                         = 1048576                                   {product} {ergonomic}
    uintx GCDrainStackTargetSize                   = 64                                        {product} {ergonomic}
   size_t InitialHeapSize                          = 132120576                                 {product} {ergonomic}
   size_t MarkStackSize                            = 4194304                                   {product} {ergonomic}
   size_t MaxHeapSize                              = 2105540608                                {product} {ergonomic}
   size_t MaxNewSize                               = 1262485504                                {product} {ergonomic}
   size_t MinHeapDeltaBytes                        = 1048576                                   {product} {ergonomic}
   size_t MinHeapSize                              = 8388608                                   {product} {ergonomic}
    uintx NonNMethodCodeHeapSize                   = 5832780                                {pd product} {ergonomic}
    uintx NonProfiledCodeHeapSize                  = 122912730                              {pd product} {ergonomic}
    uintx ProfiledCodeHeapSize                     = 122912730                              {pd product} {ergonomic}
    uintx ReservedCodeCacheSize                    = 251658240                              {pd product} {ergonomic}
     bool SegmentedCodeCache                       = true                                      {product} {ergonomic}
   size_t SoftMaxHeapSize                          = 2105540608                             {manageable} {ergonomic}
     bool UseCompressedOops                        = true                           {product lp64_product} {ergonomic}
     bool UseG1GC                                  = true                                      {product} {ergonomic}
     bool UseLargePagesIndividualAllocation        = false                                  {pd product} {ergonomic}

Logging:
Log output configuration:
 #0: stdout all=warning uptime,level,tags foldmultilines=false
 #1: stderr all=off uptime,level,tags foldmultilines=false

Environment Variables:
PATH=C:/Program Files/Git/mingw64/libexec/git-core;C:/Program Files/Git/mingw64/libexec/git-core;C:/Program Files/Git/mingw64/libexec/git-core;C:/Program Files/Git/mingw64/libexec/git-core;C:/Program Files/Git/mingw64/libexec/git-core;C:/Program Files/Git/mingw64/libexec/git-core;C:/Program Files/Git/mingw64/libexec/git-core;C:/Program Files/Git/mingw64/libexec/git-core;C:/Program Files/Git/mingw64/libexec/git-core;C:/Program Files/Git/mingw64/libexec/git-core;C:/Program Files/Git/mingw64/libexec/git-core;C:/Program Files/Git/mingw64/libexec/git-core;C:/Program Files/Git/mingw64/libexec/git-core;C:/Program Files/Git/mingw64/libexec/git-core;C:/Program Files/Git/mingw64/libexec/git-core;C:/Program Files/Git/mingw64/libexec/git-core;C:/Program Files/Git/mingw64/libexec/git-core;C:/Program Files/Git/mingw64/libexec/git-core;C:/Program Files/Git/mingw64/libexec/git-core;C:/Program Files/Git/mingw64/libexec/git-core;C:/Program Files/Git/mingw64/libexec/git-core;C:/Program Files/Git/mingw64/libexec/git-core;C:/Program Files/Git/mingw64/libexec/git-core;C:/Program Files/Git/mingw64/libexec/git-core;C:/Program Files/Git/mingw64/libexec/git-core;C:/Program Files/Git/mingw64/libexec/git-core;C:/Program Files/Git/mingw64/libexec/git-core;C:/Program Files/Git/mingw64/libexec/git-core;C:/Program Files/Git/mingw64/libexec/git-core;C:/Program Files/Git/mingw64/libexec/git-core;C:/Program Files/Git/mingw64/libexec/git-core;C:/Program Files/Git/mingw64/libexec/git-core;C:/Program Files/Git/mingw64/libexec/git-core;C:/Program Files/Git/mingw64/libexec/git-core;C:/Program Files/Git/mingw64/libexec/git-core;C:/Program Files/Git/mingw64/libexec/git-core;C:/Program Files/Git/mingw64/libexec/git-core;C:/Program Files/Git/mingw64/libexec/git-core;C:/Program Files/Git/mingw64/libexec/git-core;C:/Program Files/Git/mingw64/libexec/git-core;C:/Program Files/Git/mingw64/libexec/git-core;C:/Program Files/Git/mingw64/libexec/git-core;C:/Program Files/Git/mingw64/libexec/git-core;C:/Program Files/Git/mingw64/libexec/git-core;C:/Program Files/Git/mingw64/libexec/git-core;C:/Program Files/Git/mingw64/libexec/git-core;C:/Program Files/Git/mingw64/libexec/git-core;C:/Program Files/Git/mingw64/libexec/git-core;C:/Program Files/Git/mingw64/libexec/git-core;C:/Program Files/Git/mingw64/libexec/git-core;C:/Program Files/Git/mingw64/libexec/git-core;C:/Program Files/Git/mingw64/libexec/git-core;C:/Program Files/Git/mingw64/libexec/git-core;C:/Program Files/Git/mingw64/libexec/git-core;C:/Program Files/Git/mingw64/libexec/git-core;C:/Program Files/Git/mingw64/libexec/git-core;C:/Program Files/Git/mingw64/libexec/git-core;C:/Program Files/Git/mingw64/libexec/git-core;C:/Program Files/Git/mingw64/libexec/git-core;C:/Program Files/Git/mingw64/libexec/git-core;C:/Program Files/Git/mingw64/libexec/git-core;C:/Program Files/Git/mingw64/libexec/git-core;C:/Program Files/Git/mingw64/libexec/git-core;C:/Program Files/Git/mingw64/libexec/git-core;C:/Program Files/Git/mingw64/libexec/git-core;C:/Program Files/Git/mingw64/libexec/git-core;C:/Program Files/Git/mingw64/libexec/git-core;C:/Program Files/Git/mingw64/libexec/git-core;C:/Program Files/Git/mingw64/libexec/git-core;C:/Program Files/Git/mingw64/libexec/git-core;C:/Program Files/Git/mingw64/libexec/git-core;C:/Program Files/Git/mingw64/libexec/git-core;C:/Program Files/Git/mingw64/libexec/git-core;C:/Program Files/Git/mingw64/libexec/git-core;C:/Program Files/Git/mingw64/libexec/git-core;C:/Program Files/Git/mingw64/libexec/git-core;C:/Program Files/Git/mingw64/libexec/git-core;C:/Program Files/Git/mingw64/libexec/git-core;C:/Program Files/Git/mingw64/libexec/git-core;C:/Program Files/Git/mingw64/libexec/git-core;C:/Program Files/Git/mingw64/libexec/git-core;C:/Program Files/Git/mingw64/libexec/git-core;C:/Program Files/Git/mingw64/libexec/git-core;C:/Program Files/Git/mingw64/libexec/git-core;C:/Program Files/Git/mingw64/libexec/git-core;C:/Program Files/Git/mingw64/libexec/git-core;C:/Program Files/Git/mingw64/libexec/git-core;C:/Program Files/Git/mingw64/libexec/git-core;C:/Program Files/Git/mingw64/libexec/git-core;C:/Program Files/Git/mingw64/libexec/git-core;C:/Program Files/Git/mingw64/libexec/git-core;C:/Program Files/Git/mingw64/libexec/git-core;C:/Program Files/Git/mingw64/libexec/git-core;C:/Program Files/Git/mingw64/libexec/git-core;C:/Program Files/Git/mingw64/libexec/git-core;C:/Program Files/Git/mingw64/libexec/git-core;C:/Program Files/Git/mingw64/libexec/git-core;C:/Program Files/Git/mingw64/libexec/git-core;C:/Program Files/Git/mingw64/libexec/git-core;C:/Program Files/Git/mingw64/libexec/git-core;C:/Program Files/Git/mingw64/libexec/git-core;C:/Program Files/Git/mingw64/libexec/git-core;C:/Program Files/Git/mingw64/libexec/git-core;C:/Program Files/Git/mingw64/libexec/git-core;C:/Program Files/Git/mingw64/libexec/git-core;C:/Program Files/Git/mingw64/libexec/git-core;C:/Program Files/Git/mingw64/libexec/git-core;C:/Program Files/Git/mingw64/libexec/git-core;C:/Program Files/Git/mingw64/libexec/git-core;C:/Program Files/Git/mingw64/libexec/git-core;C:/Program Files/Git/mingw64/libexec/git-core;C:/Program Files/Git/mingw64/libexec/git-core;C:/Program Files/Git/mingw64/libexec/git-core;C:/Program Files/Git/mingw64/libexec/git-core;C:/Program Files/Git/mingw64/libexec/git-core;C:/Program Files/Git/mingw64/libexec/git-core;C:/Program Files/Git/mingw64/libexec/git-core;C:/Program Files/Git/mingw64/libexec/git-core;C:/Program Files/Git/mingw64/libexec/git-core;C:/Program Files/Git/mingw64/libexec/git-core;C:/Program Files/Git/mingw64/libexec/git-core;C:/Program Files/Git/mingw64/libexec/git-core;C:/Program Files/Git/mingw64/libexec/git-core;C:/Program Files/Git/mingw64/libexec/git-core;C:/Program Files/Git/mingw64/libexec/git-core;C:/Program Files/Git/mingw64/libexec/git-core;C:/Program Files/Git/mingw64/libexec/git-core;C:/Program Files/Git/mingw64/libexec/git-core;C:/Program Files/Git/mingw64/libexec/git-core;C:/Program Files/Git/mingw64/libexec/git-core;C:/Program Files/Git/mingw64/libexec/git-core;C:/Program Files/Git/mingw64/libexec/git-core;C:/Program Files/Git/mingw64/libexec/git-core;C:/Program Files/Git/mingw64/libexec/git-core;C:/Program Files/Git/mingw64/libexec/git-core;C:/Program Files/Git/mingw64/libexec/git-core;C:/Program Files/Git/mingw64/libexec/git-core;C:/Program Files/Git/mingw64/libexec/git-core;C:/Program Files/Git/mingw64/libexec/git-core;C:/Program Files/Git/mingw64/libexec/git-core;C:/Program Files/Git/mingw64/libexec/git-core;C:/Program Files/Git/mingw64/libexec/git-core;C:/Program Files/Git/mingw64/libexec/git-core;C:/Program Files/Git/mingw64/libexec/git-core;C:/Program Files/Git/mingw64/libexec/git-core;C:/Program Files/Git/mingw64/libexec/git-core;C:/Program Files/Git/mingw64/libexec/git-core;C:/Program Files/Git/mingw64/libexec/git-core;C:/Program Files/Git/mingw64/libexec/git-core;C:/Program Files/Git/mingw64/libexec/git-core;C:/Program Files/Git/mingw64/libexec/git-core;C:/Program Files/Git/mingw64/libexec/git-core;C:/Program Files/Git/mingw64/libexec/git-core;C:/Program Files/Git/mingw64/libexec/git-core;C:/Program Files/Git/mingw64/libexec/git-core;C:/Program Files/Git/mingw64/libexec/git-core;C:/Program Files/Git/mingw64/libexec/git-core;C:/Program Files/Git/mingw64/libexec/git-core;C:/Program Files/Git/mingw64/libexec/git-core;C:/Program Files/Git/mingw64/libexec/git-core;C:/Program Files/Git/mingw64/libexec/git-core;C:/Program Files/Git/mingw64/libexec/git-core;C:/Program Files/Git/mingw64/libexec/git-core;C:/Program Files/Git/mingw64/libexec/git-core;C:/Program Files/Git/mingw64/libexec/git-core;C:/Program Files/Git/mingw64/libexec/git-core;C:/Program Files/Git/mingw64/libexec/git-core;C:/Program Files/Git/mingw64/libexec/git-core;C:/Program Files/Git/mingw64/libexec/git-core;C:/Program Files/Git/mingw64/libexec/git-core;C:/Program Files/Git/mingw64/libexec/git-core;C:/Program Files/Git/mingw64/libexec/git-core;C:/Program Files/Git/mingw64/libexec/git-core;C:/Program Files/Git/mingw64/libexec/git-core;C:/Program Files/Git/mingw64/libexec/git-core;C:/Program Files/Git/mingw64/libexec/git-core;C:/Program Files/Git/mingw64/libexec/git-core;C:/Program Files/Git/mingw64/libexec/git-core;C:/Program Files/Git/mingw64/libexec/git-core;C:/Program Files/Git/mingw64/libexec/git-core;C:/Program Files/Git/mingw64/libexec/git-core;C:/Program Files/Git/mingw64/libexec/git-core;C:/Program Files/Git/mingw64/libexec/git-core;C:/Program Files/Git/mingw64/libexec/git-core;C:/Program Files/Git/mingw64/libexec/git-core;C:/Program Files/Git/mingw64/libexec/git-core;C:/Program Files/Git/mingw64/libexec/git-core;C:/Program Files/Git/mingw64/libexec/git-core;C:/Program Files/Git/mingw64/libexec/git-core;C:/Program Files/Git/mingw64/libexec/git-core;C:/Program Files/Git/mingw64/libexec/git-core;C:/Program Files/Git/mingw64/libexec/git-core;C:/Program Files/Git/mingw64/libexec/git-core;C:/Program Files/Git/mingw64/libexec/git-core;C:/Program Files/Git/mingw64/libexec/git-core;C:/Program Files/Git/mingw64/libexec/git-core;C:/Program Files/Git/mingw64/libexec/git-core;C:/Program Files/Git/mingw64/libexec/git-core;C:/Program Files/Git/mingw64/libexec/git-core;C:/Program Files/Git/mingw64/libexec/git-core;C:/Program Files/Git/mingw64/libexec/git-core;C:/Program Files/Git/mingw64/libexec/git-core;C:/Program Files/Git/mingw64/libexec/git-core;C:/Program Files/Git/mingw64/libexec/git-core;C:/Program Files/Git/mingw64/libexec/git-core;C:/Program Files/Git/mingw64/libexec/git-core;C:/Program Files/Git/mingw64/libexec/git-core;C:/Program Files/Git/mingw64/libexec/git-core;C:/Program Files/Git/mingw64/libexec/git-core;C:/Program Files/Git/mingw64/libexec/git-core;C:/Program Files/Git/mingw64/libexec/git-core;C:/Program Files/Git/mingw64/libexec/git-core;C:/Program Files/Git/mingw64/libexec/git-core;C:/Program Files/Git/mingw64/libexec/git-core;C:/Program Files/Git/mingw64/libexec/git-core;C:/Program Files/Git/mingw64/libexec/git-core;C:/Program Files/Git/mingw64/libexec/git-core;C:/Program Files/Git/mingw64/libexec/git-core;C:/Program Files/Git/mingw64/libexec/git-core;C:/Program Files/Git/mingw64/libexec/git-core;C:/Program Files/Git/mingw64/libexec/git-core;C:/Program Files/Git/mingw64/libexec/git-core;C:/Program Files/Git/mingw64/libexec/git-core;C:/Program Files/Git/mingw64/libexec/git-core;C:/Program Files/Git/mingw64/libexec/git-core;C:/Program Files/Git/mingw64/libexec/git-core;C:/Program Files/Git/mingw64/libexec/git-core;C:/Program Files/Git/mingw64/libexec/git-core;C:/Program Files/Git/mingw64/libexec/git-core;C:/Program Files/Git/mingw64/libexec/git-core;C:/Program Files/Git/mingw64/libexec/git-core;C:/Program Files/Git/mingw64/libexec/git-core;C:/Program Files/Git/mingw64/libexec/git-core;C:/Program Files/Git/mingw64/libexec/git-core;C:/Program Files/Git/mingw64/libexec/git-core;C:/Program Files/Git/mingw64/libexec/git-core;C:/Program Files/Git/mingw64/libexec/git-core;C:/Program Files/Git/mingw64/libexec/git-core;C:/Program Files/Git/mingw64/libexec/git-core;C:/Program Files/Git/mingw64/libexec/git-core;C:/Program Files/Git/mingw64/libexec/git-core;C:/Program Files/Git/mingw64/libexec/git-core;C:/Program Files/Git/mingw64/libexec/git-core;C:/Program Files/Git/mingw64/libexec/git-core;C:/Program Files/Git/mingw64/libexec/git-core;C:/Program Files/Git/mingw64/libexec/git-core;C:/Program Files/Git/mingw64/libexec/git-core;C:/Program Files/Git/mingw64/libexec/git-core;C:/Program Files/Git/mingw64/libexec/git-core;C:/Program Files/Git/mingw64/libexec/git-core;C:/Program Files/Git/mingw64/libexec/git-core;C:/Program Files/Git/mingw64/libexec/git-core;C:/Program Files/Git/mingw64/libexec/git-core;C:/Program Files/Git/mingw64/libexec/git-core;C:/Program Files/Git/mingw64/libexec/git-core;C:/Program Files/Git/mingw64/libexec/git-core;C:/Program Files/Git/mingw64/libexec/git-core;C:/Program Files/Git/mingw64/libexec/git-core;C:/Program Files/Git/mingw64/libexec/git-core;C:/Program Files/Git/mingw64/libexec/git-core;C:/Program Files/Git/mingw64/libexec/git-core;C:/Program Files/Git/mingw64/libexec/git-core;C:/Program Files/Git/mingw64/libexec/git-core;C:/Program Files/Git/mingw64/libexec/git-core;C:/Program Files/Git/mingw64/libexec/git-core;C:/Program Files/Git/mingw64/libexec/git-core;C:/Program Files/Git/mingw64/libexec/git-core;C:/Program Files/Git/mingw64/libexec/git-core;C:/Program Files/Git/mingw64/libexec/git-core;C:/Program Files/Git/mingw64/libexec/git-core;C:/Program Files/Git/mingw64/libexec/git-core;C:/Program Files/Git/mingw64/libexec/git-core;C:/Program Files/Git/mingw64/libexec/git-core;C:/Program Files/Git/mingw64/libexec/git-core;C:/Program Files/Git/mingw64/libexec/git-core;C:/Program Files/Git/mingw64/libexec/git-core;C:/Program Files/Git/mingw64/libexec/git-core;C:/Program Files/Git/mingw64/libexec/git-core;C:/Program Files/Git/mingw64/libexec/git-core;C:/Program Files/Git/mingw64/libexec/git-core;C:/Program Files/Git/mingw64/libexec/git-core;C:/Program Files/Git/mingw64/libexec/git-core;C:/Program Files/Git/mingw64/libexec/git-core;C:/Program Files/Git/mingw64/libexec/git-core;C:/Program Files/Git/mingw64/libexec/git-core;C:/Program Files/Git/mingw64/libexec/git-core;C:/Program Files/Git/mingw64/libexec/git-core;C:/Program Files/Git/mingw64/libexec/git-core;C:/Program Files/Git/mingw64/libexec/git-core;C:/Program Files/Git/mingw64/libexec/git-core;C:/Program Files/Git/mingw64/libexec/git-core;C:/Program Files/Git/mingw64/libexec/git-core;C:/Program Files/Git/mingw64/libexec/git-core;C:/Program Files/Git/mingw64/libexec/git-core;C:\Program Files\Git\mingw64\libexec\git-core;C:\Program Files\Git\mingw64\bin;C:\Program Files\Git\usr\bin;C:\Users\Lenovo T490\bin;C:\Program Files\Common Files\Oracle\Java\javapath;C:\WINDOWS\system32;C:\WINDOWS;C:\WINDOWS\System32\Wbem;C:\WINDOWS\System32\WindowsPowerShell\v1.0;C:\WINDOWS\System32\OpenSSH;C:\Program Files\Intel\WiFi\bin;C:\Program Files\Common Files\Intel\WirelessCommon;C:\Users\Lenovo T490\Documents\Kuliah\PRAKTEK DASPRO\Java\jdk\bin;D:\;C:\Program Files\Microsoft VS Code\bin;C:\Program Files\nodejs;C:\Program Files\Git\cmd;C:\laragon\bin\php\php-8.1.10-Win32-vs16-x64;C:\ProgramData\ComposerSetup\bin;C:\Program Files (x86)\Microsoft SQL Server\160\DTS\Binn;C:\Program Files (x86)\Microsoft SQL Server\160\Tools\Binn;C:\Program Files\Microsoft SQL Server\160\Tools\Binn;C:\Program Files\Microsoft SQL Server\Client SDK\ODBC\170\Tools\Binn;C:\Program Files\Microsoft SQL Server\160\DTS\Binn;C:\laragon\bin;C:\laragon\bin\apache\httpd-2.4.54-win64-VS16\bin;C:\laragon\bin\composer;C:\laragon\bin\git\bin;C:\laragon\bin\git\cmd;C:\laragon\bin\git\mingw64\bin;C:\laragon\bin\git\usr\bin;C:\laragon\bin\laragon\utils;C:\laragon\bin\mysql\mysql-8.0.30-winx64\bin;C:\laragon\bin\nginx\nginx-1.22.0;C:\laragon\bin\ngrok;C:\laragon\bin\nodejs\node-v18;C:\laragon\bin\notepad++;C:\laragon\bin\php\php-8.2.7-Win32-vs16-x64;C:\laragon\bin\python\python-3.10;C:\laragon\bin\python\python-3.10\Scripts;C:\laragon\bin\redis\redis-x64-5.0.14.1;C:\laragon\bin\telnet;C:\laragon\usr\bin;C:\Users\Lenovo T490\AppData\Local\Yarn\config\global\node_modules\.bin;C:\Users\Lenovo T490\AppData\Roaming\Composer\vendor\bin;C:\Users\Lenovo T490\AppData\Roaming\npm;C:\Users\Lenovo T490\AppData\Local\Microsoft\WindowsApps;C:\Users\Lenovo T490\AppData\Local\Programs\Microsoft VS Code\bin;D:\Kuliah\semester 4\web lanjut\PhpStorm 2024.3.3\bin
USERNAME=Lenovo T490
DISPLAY=:0.0
LC_ALL=en_US.UTF-8
TERM=xterm-256color
TMPDIR=C:\Users\LENOVO~1\AppData\Local\Temp
OS=Windows_NT
PROCESSOR_IDENTIFIER=Intel64 Family 6 Model 142 Stepping 9, GenuineIntel
TMP=C:\Users\LENOVO~1\AppData\Local\Temp
TEMP=C:\Users\LENOVO~1\AppData\Local\Temp




Periodic native trim disabled

JNI global refs:
JNI global refs: 19, weak refs: 0

JNI global refs memory usage: 835, weak refs: 833

Process memory usage:
Resident Set Size: 84152K (1% of 8219204K total physical memory with 502100K free physical memory)

OOME stack traces (most recent first):
Classloader memory used:
Loader bootstrap                                                                       : 7187K
Loader jdk.internal.loader.ClassLoaders$PlatformClassLoader                            : 1759K
Loader jdk.internal.loader.ClassLoaders$AppClassLoader                                 : 16448B

---------------  S Y S T E M  ---------------

OS:
 Windows 10 , 64 bit Build 19041 (10.0.19041.5438)
OS uptime: 1 days 1:26 hours

CPU: total 4 (initial active 4) (2 cores per cpu, 2 threads per core) family 6 model 142 stepping 9 microcode 0xf4, cx8, cmov, fxsr, ht, mmx, 3dnowpref, sse, sse2, sse3, ssse3, sse4.1, sse4.2, popcnt, lzcnt, tsc, tscinvbit, avx, avx2, aes, erms, clmul, bmi1, bmi2, rtm, adx, fma, vzeroupper, clflush, clflushopt, rdtscp, f16c
Processor Information for the first 4 processors :
  Max Mhz: 2712, Current Mhz: 2611, Mhz Limit: 2603

Memory: 4k page, system-wide physical 8026M (490M free)
TotalPageFile size 25297M (AvailPageFile size 6M)
current process WorkingSet (physical memory assigned to process): 82M, peak: 82M
current process commit charge ("private bytes"): 223M, peak: 224M

vm_info: OpenJDK 64-Bit Server VM (21.0.6+8-b631.39) for windows-amd64 JRE (21.0.6+8-b631.39), built on 2025-02-04 by "builduser" with MS VC++ 16.10 / 16.11 (VS2019)

END.
